#
# A fatal error has been detected by the Java Runtime Environment:
#
#  SIGSEGV (0xb) at pc=0x00007f5767790863, pid=6840, tid=0x00007f5765061700
#
# JRE version: OpenJDK Runtime Environment (8.0_152-b01) (build 1.8.0_152-release-915-b01)
# Java VM: OpenJDK 64-Bit Server VM (25.152-b01 mixed mode linux-amd64 compressed oops)
# Problematic frame:
# V  [libjvm.so+0x8bd863]  oopDesc* PSPromotionManager::copy_to_survivor_space<false>(oopDesc*)+0x2c3
#
# Failed to write core dump. Core dumps have been disabled. To enable core dumping, try "ulimit -c unlimited" before starting Java again
#
# If you would like to submit a bug report, please visit:
#   http://bugreport.java.com/bugreport/crash.jsp
#

---------------  T H R E A D  ---------------

Current thread (0x00007f5760023000):  GCTaskThread [stack: 0x00007f5764f61000,0x00007f5765062000] [id=6847]

siginfo: si_signo: 11 (SIGSEGV), si_code: 2 (SEGV_ACCERR), si_addr: 0x0000000108000200

Registers:
RAX=0x0000000000000001, RBX=0x00000000e74d1600, RCX=0x0000000000000003, RDX=0x00007f5767d7eca0
RSP=0x00007f5765060c60, RBP=0x00007f5765060cc0, RSI=0x00000000e74d1600, RDI=0x00000001080001f8
R8 =0x0000000000000009, R9 =0x00007f57600756d8, R10=0x00000000a160803d, R11=0x00007f5767da8900
R12=0x00000000a160803c, R13=0x0000000000000000, R14=0x00007f5760075640, R15=0x00007f5767d7ecb0
RIP=0x00007f5767790863, EFLAGS=0x0000000000010202, CSGSFS=0x002b000000000033, ERR=0x0000000000000004
  TRAPNO=0x000000000000000e

Top of Stack: (sp=0x00007f5765060c60)
0x00007f5765060c60:   00007f5751969ec0 000000000000000d
0x00007f5765060c70:   000000000000000d 00000000a1608030
0x00007f5765060c80:   00000000a1606790 0000000000000400
0x00007f5765060c90:   00007f5767de24ff 00007f5760075640
0x00007f5765060ca0:   00000000a160803c 0000000000000000
0x00007f5765060cb0:   00007f57600756d8 00007f5767d7ecb0
0x00007f5765060cc0:   00007f5765060d30 00007f5767790088
0x00007f5765060cd0:   00007f5765060d30 00007f57600756a8
0x00007f5765060ce0:   00007f5765060d30 00007f57674d181e
0x00007f5765060cf0:   0000000000000000 00000000a0ab51d0
0x00007f5765060d00:   00007f5760024428 00000000a0ab5200
0x00007f5765060d10:   00007f57654695a9 00007f57600184a0
0x00007f5765060d20:   00007f5765469601 00007f57654695a9
0x00007f5765060d30:   00007f5765060dd0 00007f57672a565f
0x00007f5765060d40:   00007f5765469600 00007f5765469581
0x00007f5765060d50:   0000000000000200 0000000000000180
0x00007f5765060d60:   00000000a0f56238 00007f5765469780
0x00007f5765060d70:   00000000a0ac0008 00007f576546bab2
0x00007f5765060d80:   00000000a0ab5238 00007f5760075640
0x00007f5765060d90:   00007f57654695a9 00007f57600181e0
0x00007f5765060da0:   0000000000000002 00007f57600275e0
0x00007f5765060db0:   00007f5760075640 00007f5767940bb3
0x00007f5765060dc0:   00007f5760023000 00007f5767d9d708
0x00007f5765060dd0:   00007f5765060e00 00007f5767793d3b
0x00007f5765060de0:   0000000000000004 00007f572c610100
0x00007f5765060df0:   0000000000000001 00007f57600275e0
0x00007f5765060e00:   00007f5765060f10 00007f5767457112
0x00007f5765060e10:   00000000000003d8 00007f5760023c98
0x00007f5765060e20:   00007f57600238c0 00007f5765060ea0
0x00007f5765060e30:   00007f5760023870 00007f57600238b0
0x00007f5765060e40:   00007f5765060e50 0000000000000000
0x00007f5765060e50:   0000000000000000 00007f5760024400 

Instructions: (pc=0x00007f5767790863)
0x00007f5767790843:   e9 3d fe ff ff 0f 1f 84 00 00 00 00 00 48 8d 15
0x00007f5767790853:   49 e4 5e 00 8b 7e 08 8b 4a 08 48 d3 e7 48 03 3a
0x00007f5767790863:   8b 4f 08 83 f9 00 0f 8f 7d fd ff ff 0f 85 3b 02
0x00007f5767790873:   00 00 0f 1f 00 48 8b 07 4c 89 45 b8 48 89 de ff 

Register to memory mapping:

RAX=0x0000000000000001 is an unknown value
RBX=0x00000000e74d1600 is an oop

[error occurred during error reporting (printing register info), id 0xb]

Stack: [0x00007f5764f61000,0x00007f5765062000],  sp=0x00007f5765060c60,  free space=1023k
Native frames: (J=compiled Java code, j=interpreted, Vv=VM code, C=native code)
V  [libjvm.so+0x8bd863]  oopDesc* PSPromotionManager::copy_to_survivor_space<false>(oopDesc*)+0x2c3
V  [libjvm.so+0x8bd088]  PSPromotionManager::drain_stacks_depth(bool)+0x6f8
V  [libjvm.so+0x3d265f]  CardTableExtension::scavenge_contents_parallel(ObjectStartArray*, MutableSpace*, HeapWord*, PSPromotionManager*, unsigned int, unsigned int)+0x8df
V  [libjvm.so+0x8c0d3b]  OldToYoungRootsTask::do_it(GCTaskManager*, unsigned int)+0x4b
V  [libjvm.so+0x584112]  GCTaskThread::run()+0x162
V  [libjvm.so+0x84e792]  java_start(Thread*)+0xf2


---------------  P R O C E S S  ---------------

Java Threads: ( => current thread )
  0x00007f56f4d1a800 JavaThread "Memory manager" [_thread_blocked, id=6885, stack(0x00007f57111b5000,0x00007f57112b6000)]
  0x00007f56f4135800 JavaThread "build operations Thread 4" [_thread_blocked, id=6884, stack(0x00007f5711b4e000,0x00007f5711c4f000)]
  0x00007f56f4133800 JavaThread "build operations Thread 3" [_thread_blocked, id=6883, stack(0x00007f5711c4f000,0x00007f5711d50000)]
  0x00007f56f4139800 JavaThread "build operations Thread 2" [_thread_blocked, id=6882, stack(0x00007f5711d50000,0x00007f5711e51000)]
  0x00007f56f4138000 JavaThread "build operations" [_thread_blocked, id=6881, stack(0x00007f5711e51000,0x00007f5711f52000)]
  0x00007f56f49b5800 JavaThread "Cache worker for Artifact transforms cache (/home/sammy/.gradle/caches/transforms-1)" [_thread_blocked, id=6878, stack(0x00007f5712de3000,0x00007f5712ee4000)]
  0x00007f56f4208800 JavaThread "Cache worker for file hash cache (/home/sammy/Documents/Sammy/Source Codes/LaTaxi/Passenger/.gradle/4.1/fileHashes)" [_thread_blocked, id=6870, stack(0x00007f571308c000,0x00007f571318d000)]
  0x00007f56f410c000 JavaThread "File lock request listener" [_thread_in_native, id=6869, stack(0x00007f571338d000,0x00007f571348e000)]
  0x00007f56f4109800 JavaThread "Cache worker for file hash cache (/home/sammy/.gradle/caches/4.1/fileHashes)" [_thread_blocked, id=6868, stack(0x00007f571348e000,0x00007f571358f000)]
  0x00007f56f4010000 JavaThread "Stdin handler" [_thread_blocked, id=6867, stack(0x00007f571378f000,0x00007f5713890000)]
  0x00007f56f4003000 JavaThread "Asynchronous log dispatcher for DefaultDaemonConnection: socket connection from /127.0.0.1:33639 to /127.0.0.1:45880" [_thread_blocked, id=6866, stack(0x00007f5713890000,0x00007f5713991000)]
  0x00007f5708007800 JavaThread "Daemon worker" [_thread_blocked, id=6863, stack(0x00007f5713991000,0x00007f5713a92000)]
  0x00007f5708006800 JavaThread "Cancel handler" [_thread_blocked, id=6862, stack(0x00007f5713a92000,0x00007f5713b93000)]
  0x00007f5708004000 JavaThread "Handler for socket connection from /127.0.0.1:33639 to /127.0.0.1:45880" [_thread_in_native, id=6861, stack(0x00007f5713b93000,0x00007f5713c94000)]
  0x00007f570c01f000 JavaThread "Daemon" [_thread_blocked, id=6860, stack(0x00007f5713c94000,0x00007f5713d95000)]
  0x00007f5760c97000 JavaThread "Daemon periodic checks" [_thread_blocked, id=6859, stack(0x00007f5713d95000,0x00007f5713e96000)]
  0x00007f5760c7d000 JavaThread "Incoming local TCP Connector on port 33639" [_thread_in_native, id=6858, stack(0x00007f5713e9d000,0x00007f5713f9e000)]
  0x00007f57600c8000 JavaThread "Service Thread" daemon [_thread_blocked, id=6856, stack(0x00007f5740520000,0x00007f5740621000)]
  0x00007f57600bd000 JavaThread "C1 CompilerThread2" daemon [_thread_blocked, id=6855, stack(0x00007f5740621000,0x00007f5740722000)]
  0x00007f57600bb000 JavaThread "C2 CompilerThread1" daemon [_thread_blocked, id=6854, stack(0x00007f5740722000,0x00007f5740823000)]
  0x00007f57600b8000 JavaThread "C2 CompilerThread0" daemon [_thread_blocked, id=6853, stack(0x00007f5740823000,0x00007f5740924000)]
  0x00007f57600b7000 JavaThread "Signal Dispatcher" daemon [_thread_blocked, id=6852, stack(0x00007f5740924000,0x00007f5740a25000)]
  0x00007f5760084000 JavaThread "Finalizer" daemon [_thread_blocked, id=6851, stack(0x00007f5740cfd000,0x00007f5740dfe000)]
  0x00007f576007f800 JavaThread "Reference Handler" daemon [_thread_blocked, id=6850, stack(0x00007f5740dfe000,0x00007f5740eff000)]
  0x00007f576000a800 JavaThread "main" [_thread_blocked, id=6844, stack(0x00007f57688de000,0x00007f57689df000)]

Other Threads:
  0x00007f5760078000 VMThread [stack: 0x00007f5740eff000,0x00007f5741000000] [id=6849]
  0x00007f57600ca800 WatcherThread [stack: 0x00007f574041f000,0x00007f5740520000] [id=6857]

=>0x00007f5760023000 (exited) GCTaskThread [stack: 0x00007f5764f61000,0x00007f5765062000] [id=6847]

VM state:at safepoint (normal execution)

VM Mutex/Monitor currently owned by a thread:  ([mutex/lock_event])
[0x00007f5760006ea0] Threads_lock - owner thread: 0x00007f5760078000
[0x00007f57600073a0] Heap_lock - owner thread: 0x00007f5708007800

Heap:
 PSYoungGen      total 123904K, used 123878K [0x00000000e0000000, 0x00000000eb080000, 0x0000000100000000)
  eden space 113152K, 100% used [0x00000000e0000000,0x00000000e6e80000,0x00000000e6e80000)
  from space 10752K, 99% used [0x00000000e6e80000,0x00000000e78f9978,0x00000000e7900000)
  to   space 12800K, 31% used [0x00000000ea400000,0x00000000ea7f1308,0x00000000eb080000)
 ParOldGen       total 60928K, used 23273K [0x00000000a0000000, 0x00000000a3b80000, 0x00000000e0000000)
  object space 60928K, 38% used [0x00000000a0000000,0x00000000a16ba790,0x00000000a3b80000)
 Metaspace       used 46908K, capacity 48162K, committed 48472K, reserved 1091584K
  class space    used 6299K, capacity 6686K, committed 6784K, reserved 1048576K

Card table byte_map: [0x00007f5765464000,0x00007f5765765000] byte_map_base: 0x00007f5764f64000

Marking Bits: (ParMarkBitMap*) 0x00007f5767da83e0
 Begin Bits: [0x00007f5741000000, 0x00007f5742800000)
 End Bits:   [0x00007f5742800000, 0x00007f5744000000)

Polling page: 0x00007f57689fc000

CodeCache: size=245760Kb used=16655Kb max_used=16657Kb free=229104Kb
 bounds [0x00007f5751000000, 0x00007f5752060000, 0x00007f5760000000]
 total_blobs=5548 nmethods=4814 adapters=647
 compilation: enabled

Compilation events (10 events):
Event: 39.556 Thread 0x00007f57600bd000 5406       3       com.sun.org.apache.xerces.internal.impl.xs.SchemaGrammar::getGlobalTypeDecl (12 bytes)
Event: 39.556 Thread 0x00007f57600b8000 5407       4       com.sun.org.apache.xerces.internal.impl.XMLNSDocumentScannerImpl::next (39 bytes)
Event: 39.556 Thread 0x00007f57600bd000 nmethod 5406 0x00007f57520508d0 code [0x00007f5752050a80, 0x00007f5752051068]
Event: 39.558 Thread 0x00007f57600bb000 5408       4       com.sun.org.apache.xerces.internal.utils.XMLSecurityManager::readSystemProperties (99 bytes)
Event: 39.559 Thread 0x00007f57600b8000 nmethod 5407 0x00007f5752054010 code [0x00007f5752054160, 0x00007f5752054298]
Event: 39.563 Thread 0x00007f57600bd000 5409       3       sun.misc.CompoundEnumeration::hasMoreElements (5 bytes)
Event: 39.563 Thread 0x00007f57600bd000 nmethod 5409 0x00007f5752053c90 code [0x00007f5752053e00, 0x00007f5752053f88]
Event: 39.563 Thread 0x00007f57600bd000 5410       3       com.sun.org.apache.xerces.internal.parsers.BasicParserConfiguration::addComponent (147 bytes)
Event: 39.565 Thread 0x00007f57600b8000 5411       4       com.sun.org.apache.xerces.internal.impl.XMLScanner::setProperty (94 bytes)
Event: 39.566 Thread 0x00007f57600bd000 nmethod 5410 0x00007f57520518d0 code [0x00007f5752051ba0, 0x00007f57520530c8]

GC Heap History (10 events):
Event: 21.518 GC heap after
Heap after GC invocations=9 (full 1):
 PSYoungGen      total 90624K, used 7203K [0x00000000e0000000, 0x00000000e6280000, 0x0000000100000000)
  eden space 82432K, 0% used [0x00000000e0000000,0x00000000e0000000,0x00000000e5080000)
  from space 8192K, 87% used [0x00000000e5a80000,0x00000000e6188e48,0x00000000e6280000)
  to   space 9216K, 0% used [0x00000000e5080000,0x00000000e5080000,0x00000000e5980000)
 ParOldGen       total 42496K, used 6601K [0x00000000a0000000, 0x00000000a2980000, 0x00000000e0000000)
  object space 42496K, 15% used [0x00000000a0000000,0x00000000a06727f0,0x00000000a2980000)
 Metaspace       used 27896K, capacity 28586K, committed 28800K, reserved 1073152K
  class space    used 3909K, capacity 4126K, committed 4224K, reserved 1048576K
}
Event: 29.057 GC heap before
{Heap before GC invocations=10 (full 1):
 PSYoungGen      total 90624K, used 89635K [0x00000000e0000000, 0x00000000e6280000, 0x0000000100000000)
  eden space 82432K, 100% used [0x00000000e0000000,0x00000000e5080000,0x00000000e5080000)
  from space 8192K, 87% used [0x00000000e5a80000,0x00000000e6188e48,0x00000000e6280000)
  to   space 9216K, 0% used [0x00000000e5080000,0x00000000e5080000,0x00000000e5980000)
 ParOldGen       total 42496K, used 6601K [0x00000000a0000000, 0x00000000a2980000, 0x00000000e0000000)
  object space 42496K, 15% used [0x00000000a0000000,0x00000000a06727f0,0x00000000a2980000)
 Metaspace       used 32666K, capacity 33482K, committed 33664K, reserved 1079296K
  class space    used 4447K, capacity 4698K, committed 4736K, reserved 1048576K
Event: 29.103 GC heap after
Heap after GC invocations=10 (full 1):
 PSYoungGen      total 91648K, used 9197K [0x00000000e0000000, 0x00000000e8300000, 0x0000000100000000)
  eden space 82432K, 0% used [0x00000000e0000000,0x00000000e0000000,0x00000000e5080000)
  from space 9216K, 99% used [0x00000000e5080000,0x00000000e597b5c8,0x00000000e5980000)
  to   space 10240K, 0% used [0x00000000e7900000,0x00000000e7900000,0x00000000e8300000)
 ParOldGen       total 42496K, used 6751K [0x00000000a0000000, 0x00000000a2980000, 0x00000000e0000000)
  object space 42496K, 15% used [0x00000000a0000000,0x00000000a0697fa0,0x00000000a2980000)
 Metaspace       used 32666K, capacity 33482K, committed 33664K, reserved 1079296K
  class space    used 4447K, capacity 4698K, committed 4736K, reserved 1048576K
}
Event: 29.791 GC heap before
{Heap before GC invocations=11 (full 1):
 PSYoungGen      total 91648K, used 15278K [0x00000000e0000000, 0x00000000e8300000, 0x0000000100000000)
  eden space 82432K, 7% used [0x00000000e0000000,0x00000000e05f0510,0x00000000e5080000)
  from space 9216K, 99% used [0x00000000e5080000,0x00000000e597b5c8,0x00000000e5980000)
  to   space 10240K, 0% used [0x00000000e7900000,0x00000000e7900000,0x00000000e8300000)
 ParOldGen       total 42496K, used 6751K [0x00000000a0000000, 0x00000000a2980000, 0x00000000e0000000)
  object space 42496K, 15% used [0x00000000a0000000,0x00000000a0697fa0,0x00000000a2980000)
 Metaspace       used 34256K, capacity 35160K, committed 35416K, reserved 1079296K
  class space    used 4681K, capacity 4984K, committed 4992K, reserved 1048576K
Event: 29.812 GC heap after
Heap after GC invocations=11 (full 1):
 PSYoungGen      total 123392K, used 3179K [0x00000000e0000000, 0x00000000e8500000, 0x0000000100000000)
  eden space 113152K, 0% used [0x00000000e0000000,0x00000000e0000000,0x00000000e6e80000)
  from space 10240K, 31% used [0x00000000e7900000,0x00000000e7c1ac28,0x00000000e8300000)
  to   space 10752K, 0% used [0x00000000e6e80000,0x00000000e6e80000,0x00000000e7900000)
 ParOldGen       total 42496K, used 11001K [0x00000000a0000000, 0x00000000a2980000, 0x00000000e0000000)
  object space 42496K, 25% used [0x00000000a0000000,0x00000000a0abe5c0,0x00000000a2980000)
 Metaspace       used 34256K, capacity 35160K, committed 35416K, reserved 1079296K
  class space    used 4681K, capacity 4984K, committed 4992K, reserved 1048576K
}
Event: 29.813 GC heap before
{Heap before GC invocations=12 (full 2):
 PSYoungGen      total 123392K, used 3179K [0x00000000e0000000, 0x00000000e8500000, 0x0000000100000000)
  eden space 113152K, 0% used [0x00000000e0000000,0x00000000e0000000,0x00000000e6e80000)
  from space 10240K, 31% used [0x00000000e7900000,0x00000000e7c1ac28,0x00000000e8300000)
  to   space 10752K, 0% used [0x00000000e6e80000,0x00000000e6e80000,0x00000000e7900000)
 ParOldGen       total 42496K, used 11001K [0x00000000a0000000, 0x00000000a2980000, 0x00000000e0000000)
  object space 42496K, 25% used [0x00000000a0000000,0x00000000a0abe5c0,0x00000000a2980000)
 Metaspace       used 34256K, capacity 35160K, committed 35416K, reserved 1079296K
  class space    used 4681K, capacity 4984K, committed 4992K, reserved 1048576K
Event: 30.055 GC heap after
Heap after GC invocations=12 (full 2):
 PSYoungGen      total 123392K, used 0K [0x00000000e0000000, 0x00000000e8500000, 0x0000000100000000)
  eden space 113152K, 0% used [0x00000000e0000000,0x00000000e0000000,0x00000000e6e80000)
  from space 10240K, 0% used [0x00000000e7900000,0x00000000e7900000,0x00000000e8300000)
  to   space 10752K, 0% used [0x00000000e6e80000,0x00000000e6e80000,0x00000000e7900000)
 ParOldGen       total 60928K, used 13805K [0x00000000a0000000, 0x00000000a3b80000, 0x00000000e0000000)
  object space 60928K, 22% used [0x00000000a0000000,0x00000000a0d7b588,0x00000000a3b80000)
 Metaspace       used 34256K, capacity 35160K, committed 35416K, reserved 1079296K
  class space    used 4681K, capacity 4984K, committed 4992K, reserved 1048576K
}
Event: 34.563 GC heap before
{Heap before GC invocations=13 (full 2):
 PSYoungGen      total 123392K, used 113152K [0x00000000e0000000, 0x00000000e8500000, 0x0000000100000000)
  eden space 113152K, 100% used [0x00000000e0000000,0x00000000e6e80000,0x00000000e6e80000)
  from space 10240K, 0% used [0x00000000e7900000,0x00000000e7900000,0x00000000e8300000)
  to   space 10752K, 0% used [0x00000000e6e80000,0x00000000e6e80000,0x00000000e7900000)
 ParOldGen       total 60928K, used 13805K [0x00000000a0000000, 0x00000000a3b80000, 0x00000000e0000000)
  object space 60928K, 22% used [0x00000000a0000000,0x00000000a0d7b588,0x00000000a3b80000)
 Metaspace       used 41399K, capacity 42412K, committed 42840K, reserved 1085440K
  class space    used 5551K, capacity 5897K, committed 6016K, reserved 1048576K
Event: 34.604 GC heap after
Heap after GC invocations=13 (full 2):
 PSYoungGen      total 123904K, used 10726K [0x00000000e0000000, 0x00000000eb080000, 0x0000000100000000)
  eden space 113152K, 0% used [0x00000000e0000000,0x00000000e0000000,0x00000000e6e80000)
  from space 10752K, 99% used [0x00000000e6e80000,0x00000000e78f9978,0x00000000e7900000)
  to   space 12800K, 0% used [0x00000000ea400000,0x00000000ea400000,0x00000000eb080000)
 ParOldGen       total 60928K, used 15704K [0x00000000a0000000, 0x00000000a3b80000, 0x00000000e0000000)
  object space 60928K, 25% used [0x00000000a0000000,0x00000000a0f56238,0x00000000a3b80000)
 Metaspace       used 41399K, capacity 42412K, committed 42840K, reserved 1085440K
  class space    used 5551K, capacity 5897K, committed 6016K, reserved 1048576K
}
Event: 39.567 GC heap before
{Heap before GC invocations=14 (full 2):
 PSYoungGen      total 123904K, used 123878K [0x00000000e0000000, 0x00000000eb080000, 0x0000000100000000)
  eden space 113152K, 100% used [0x00000000e0000000,0x00000000e6e80000,0x00000000e6e80000)
  from space 10752K, 99% used [0x00000000e6e80000,0x00000000e78f9978,0x00000000e7900000)
  to   space 12800K, 0% used [0x00000000ea400000,0x00000000ea400000,0x00000000eb080000)
 ParOldGen       total 60928K, used 15704K [0x00000000a0000000, 0x00000000a3b80000, 0x00000000e0000000)
  object space 60928K, 25% used [0x00000000a0000000,0x00000000a0f56238,0x00000000a3b80000)
 Metaspace       used 46908K, capacity 48162K, committed 48472K, reserved 1091584K
  class space    used 6299K, capacity 6686K, committed 6784K, reserved 1048576K

Deoptimization events (10 events):
Event: 37.613 Thread 0x00007f5708007800 Uncommon trap: reason=class_check action=maybe_recompile pc=0x00007f5751acf8dc method=com.sun.org.apache.xerces.internal.impl.XMLDocumentFragmentScannerImpl$FragmentContentDriver.next()I @ 439
Event: 37.613 Thread 0x00007f5708007800 Uncommon trap: reason=class_check action=maybe_recompile pc=0x00007f5751acf8dc method=com.sun.org.apache.xerces.internal.impl.XMLDocumentFragmentScannerImpl$FragmentContentDriver.next()I @ 439
Event: 37.614 Thread 0x00007f5708007800 Uncommon trap: reason=class_check action=maybe_recompile pc=0x00007f5751acf8dc method=com.sun.org.apache.xerces.internal.impl.XMLDocumentFragmentScannerImpl$FragmentContentDriver.next()I @ 439
Event: 37.614 Thread 0x00007f5708007800 Uncommon trap: reason=class_check action=maybe_recompile pc=0x00007f5751a0e710 method=com.sun.org.apache.xerces.internal.impl.XMLDocumentFragmentScannerImpl.scanEndElement()I @ 145
Event: 37.614 Thread 0x00007f5708007800 Uncommon trap: reason=class_check action=maybe_recompile pc=0x00007f5751a0e710 method=com.sun.org.apache.xerces.internal.impl.XMLDocumentFragmentScannerImpl.scanEndElement()I @ 145
Event: 37.614 Thread 0x00007f5708007800 Uncommon trap: reason=class_check action=maybe_recompile pc=0x00007f5751a0e710 method=com.sun.org.apache.xerces.internal.impl.XMLDocumentFragmentScannerImpl.scanEndElement()I @ 145
Event: 37.615 Thread 0x00007f5708007800 Uncommon trap: reason=class_check action=maybe_recompile pc=0x00007f5751a0e710 method=com.sun.org.apache.xerces.internal.impl.XMLDocumentFragmentScannerImpl.scanEndElement()I @ 145
Event: 37.942 Thread 0x00007f5708007800 Uncommon trap: reason=unstable_if action=reinterpret pc=0x00007f5751705c00 method=java.util.regex.Matcher.find()Z @ 10
Event: 37.992 Thread 0x00007f5708007800 Uncommon trap: reason=unstable_if action=reinterpret pc=0x00007f57514794c8 method=java.lang.CharacterDataLatin1.digit(II)I @ 31
Event: 38.060 Thread 0x00007f5708007800 Uncommon trap: reason=unstable_if action=reinterpret pc=0x00007f57513ec728 method=java.lang.CharacterDataLatin1.digit(II)I @ 31

Classes redefined (0 events):
No events

Internal exceptions (10 events):
Event: 36.650 Thread 0x00007f5708007800 Exception <a 'sun/nio/fs/UnixException'> (0x00000000e2156b60) thrown at [/ssd/Android/AOSP-openjdk-git/jdk8u/hotspot/src/share/vm/prims/jni.cpp, line 709]
Event: 36.650 Thread 0x00007f5708007800 Exception <a 'sun/nio/fs/UnixException'> (0x00000000e2157fe8) thrown at [/ssd/Android/AOSP-openjdk-git/jdk8u/hotspot/src/share/vm/prims/jni.cpp, line 709]
Event: 36.651 Thread 0x00007f5708007800 Exception <a 'sun/nio/fs/UnixException'> (0x00000000e215aa90) thrown at [/ssd/Android/AOSP-openjdk-git/jdk8u/hotspot/src/share/vm/prims/jni.cpp, line 709]
Event: 36.651 Thread 0x00007f5708007800 Exception <a 'sun/nio/fs/UnixException'> (0x00000000e215bed0) thrown at [/ssd/Android/AOSP-openjdk-git/jdk8u/hotspot/src/share/vm/prims/jni.cpp, line 709]
Event: 36.651 Thread 0x00007f5708007800 Exception <a 'sun/nio/fs/UnixException'> (0x00000000e215e028) thrown at [/ssd/Android/AOSP-openjdk-git/jdk8u/hotspot/src/share/vm/prims/jni.cpp, line 709]
Event: 36.651 Thread 0x00007f5708007800 Exception <a 'sun/nio/fs/UnixException'> (0x00000000e215f608) thrown at [/ssd/Android/AOSP-openjdk-git/jdk8u/hotspot/src/share/vm/prims/jni.cpp, line 709]
Event: 36.652 Thread 0x00007f5708007800 Exception <a 'sun/nio/fs/UnixException'> (0x00000000e2161b88) thrown at [/ssd/Android/AOSP-openjdk-git/jdk8u/hotspot/src/share/vm/prims/jni.cpp, line 709]
Event: 36.652 Thread 0x00007f5708007800 Exception <a 'sun/nio/fs/UnixException'> (0x00000000e2163168) thrown at [/ssd/Android/AOSP-openjdk-git/jdk8u/hotspot/src/share/vm/prims/jni.cpp, line 709]
Event: 36.758 Thread 0x00007f5708007800 Exception <a 'java/lang/ClassNotFoundException': com/sun/org/glassfish/hk2/osgiresourcelocator/ServiceLoader> (0x00000000e21bb1c8) thrown at [/ssd/Android/AOSP-openjdk-git/jdk8u/hotspot/src/share/vm/classfile/systemDictionary.cpp, line 210]
Event: 36.833 Thread 0x00007f5708007800 Exception <a 'java/lang/NullPointerException'> (0x00000000e2231a48) thrown at [/ssd/Android/AOSP-openjdk-git/jdk8u/hotspot/src/share/vm/interpreter/linkResolver.cpp, line 1282]

Events (10 events):
Event: 38.732 Thread 0x00007f57600bd000 flushing nmethod 0x00007f575170c7d0
Event: 38.732 Thread 0x00007f57600bd000 flushing nmethod 0x00007f5751750dd0
Event: 38.734 Thread 0x00007f57600bd000 flushing nmethod 0x00007f5751803f50
Event: 38.734 Thread 0x00007f57600bd000 flushing nmethod 0x00007f5751843210
Event: 38.734 Thread 0x00007f57600bd000 flushing nmethod 0x00007f57518920d0
Event: 38.734 Thread 0x00007f57600bd000 flushing nmethod 0x00007f57518ea210
Event: 38.735 Thread 0x00007f57600bd000 flushing nmethod 0x00007f5751963ed0
Event: 38.797 Thread 0x00007f5708007800 DEOPT PACKING pc=0x00007f57513a5594 sp=0x00007f5713a8d3b0
Event: 38.797 Thread 0x00007f5708007800 DEOPT UNPACKING pc=0x00007f5751047373 sp=0x00007f5713a8d128 mode 0
Event: 39.567 Executing VM operation: ParallelGCFailedAllocation


Dynamic libraries:
00400000-00401000 r-xp 00000000 08:01 5243523                            /home/sammy/android-studio/jre/bin/java
00600000-00601000 r--p 00000000 08:01 5243523                            /home/sammy/android-studio/jre/bin/java
00601000-00602000 rw-p 00001000 08:01 5243523                            /home/sammy/android-studio/jre/bin/java
01375000-01396000 rw-p 00000000 00:00 0                                  [heap]
a0000000-a3b80000 rw-p 00000000 00:00 0 
a3b80000-e0000000 ---p 00000000 00:00 0 
e0000000-eb080000 rw-p 00000000 00:00 0 
eb080000-100000000 ---p 00000000 00:00 0 
100000000-1006a0000 rw-p 00000000 00:00 0 
1006a0000-140000000 ---p 00000000 00:00 0 
7f56cc000000-7f56cc021000 rw-p 00000000 00:00 0 
7f56cc021000-7f56d0000000 ---p 00000000 00:00 0 
7f56d0000000-7f56d0021000 rw-p 00000000 00:00 0 
7f56d0021000-7f56d4000000 ---p 00000000 00:00 0 
7f56d4000000-7f56d4021000 rw-p 00000000 00:00 0 
7f56d4021000-7f56d8000000 ---p 00000000 00:00 0 
7f56d8000000-7f56d8021000 rw-p 00000000 00:00 0 
7f56d8021000-7f56dc000000 ---p 00000000 00:00 0 
7f56dc000000-7f56dc021000 rw-p 00000000 00:00 0 
7f56dc021000-7f56e0000000 ---p 00000000 00:00 0 
7f56e0000000-7f56e0021000 rw-p 00000000 00:00 0 
7f56e0021000-7f56e4000000 ---p 00000000 00:00 0 
7f56e4000000-7f56e4021000 rw-p 00000000 00:00 0 
7f56e4021000-7f56e8000000 ---p 00000000 00:00 0 
7f56e8000000-7f56e8021000 rw-p 00000000 00:00 0 
7f56e8021000-7f56ec000000 ---p 00000000 00:00 0 
7f56ec000000-7f56ec021000 rw-p 00000000 00:00 0 
7f56ec021000-7f56f0000000 ---p 00000000 00:00 0 
7f56f0000000-7f56f0023000 rw-p 00000000 00:00 0 
7f56f0023000-7f56f4000000 ---p 00000000 00:00 0 
7f56f4000000-7f56f58a1000 rw-p 00000000 00:00 0 
7f56f58a1000-7f56f8000000 ---p 00000000 00:00 0 
7f56f8000000-7f56f827e000 rw-p 00000000 00:00 0 
7f56f827e000-7f56fc000000 ---p 00000000 00:00 0 
7f56fc000000-7f56fc02c000 rw-p 00000000 00:00 0 
7f56fc02c000-7f5700000000 ---p 00000000 00:00 0 
7f5700000000-7f5700021000 rw-p 00000000 00:00 0 
7f5700021000-7f5704000000 ---p 00000000 00:00 0 
7f5704000000-7f5704021000 rw-p 00000000 00:00 0 
7f5704021000-7f5708000000 ---p 00000000 00:00 0 
7f5708000000-7f5708021000 rw-p 00000000 00:00 0 
7f5708021000-7f570c000000 ---p 00000000 00:00 0 
7f570c000000-7f570c078000 rw-p 00000000 00:00 0 
7f570c078000-7f5710000000 ---p 00000000 00:00 0 
7f57107a0000-7f5710860000 rw-p 00000000 00:00 0 
7f5710860000-7f57109a0000 ---p 00000000 00:00 0 
7f57109a0000-7f57109b2000 r--s 00345000 08:01 5243370                    /home/sammy/android-studio/jre/jre/lib/resources.jar
7f57109b2000-7f5710bb2000 rw-p 00000000 00:00 0 
7f5710bb2000-7f5710db2000 rw-p 00000000 00:00 0 
7f5710db2000-7f5710fb2000 rw-p 00000000 00:00 0 
7f5710fb2000-7f5710fb5000 r--s 00015000 08:01 5243374                    /home/sammy/android-studio/jre/jre/lib/jce.jar
7f5710fb5000-7f57111b5000 rw-p 00000000 00:00 0 
7f57111b5000-7f57111b8000 ---p 00000000 00:00 0 
7f57111b8000-7f57114b6000 rw-p 00000000 00:00 0 
7f57114b6000-7f57116ac000 rw-p 00000000 00:00 0 
7f57116ac000-7f57116b6000 ---p 00000000 00:00 0 
7f57116b6000-7f57116c1000 r--s 00081000 08:01 6422692                    /home/sammy/.gradle/caches/jars-3/fc6e889a0f45cc9752787eb60f920103/trove4j-20160824.jar
7f57116c1000-7f5711744000 r--s 00758000 08:01 6422690                    /home/sammy/.gradle/caches/jars-3/0d3de44a8474017418d71d8887a5e944/intellij-core-26.0.0.jar
7f5711744000-7f571174a000 r--s 00033000 08:01 6422688                    /home/sammy/.gradle/caches/jars-3/f96c897d327ea500d64fe3af2833bd50/commons-codec-1.6.jar
7f571174a000-7f571174c000 r--s 0000d000 08:01 6422686                    /home/sammy/.gradle/caches/jars-3/ccc849edcf9fccd61ed937bf93ffe896/commons-logging-1.1.1.jar
7f571174c000-7f5711752000 r--s 00032000 08:01 6422684                    /home/sammy/.gradle/caches/jars-3/72e344059d1923829968d0d38b0c3c72/httpcore-4.2.5.jar
7f5711752000-7f5711753000 r--s 00004000 08:01 6422682                    /home/sammy/.gradle/caches/jars-3/3a4299d1ce3e273e7c03a9ccf5a1e333/annotations-12.0.jar
7f5711753000-7f5711754000 r--s 00000000 08:01 6422680                    /home/sammy/.gradle/caches/jars-3/0e2fbc3b8c56d2975eca90c524790c13/animal-sniffer-annotations-1.14.jar
7f5711754000-7f5711756000 r--s 00001000 08:01 6422678                    /home/sammy/.gradle/caches/jars-3/ad41f8f3ac67c0323ce9eb1c20c8dc3f/j2objc-annotations-1.1.jar
7f5711756000-7f5711757000 r--s 00002000 08:01 6422676                    /home/sammy/.gradle/caches/jars-3/9edb0f46b907c34c4718edabde6c791c/error_prone_annotations-2.0.18.jar
7f5711757000-7f571175a000 r--s 00006000 08:01 6422674                    /home/sammy/.gradle/caches/jars-3/b58a9bc3bbba42132e4abc0bacae8da1/jsr305-1.3.9.jar
7f571175a000-7f571175b000 r--s 0000a000 08:01 6422672                    /home/sammy/.gradle/caches/jars-3/5b8b36ed61fe92731031cca3c9b3a0b3/kxml2-2.3.0.jar
7f571175b000-7f571175d000 r--s 00005000 08:01 6422670                    /home/sammy/.gradle/caches/jars-3/f10e1e1978816198f2eb1189c974b440/httpmime-4.1.jar
7f571175d000-7f5711767000 r--s 00061000 08:01 6422668                    /home/sammy/.gradle/caches/jars-3/bc4b2527f35dc983f759e8f85f3f8d52/httpclient-4.2.6.jar
7f5711767000-7f5711770000 r--s 00064000 08:01 6422666                    /home/sammy/.gradle/caches/jars-3/fc37c717528c2a0d27f3e3621835f781/commons-compress-1.12.jar
7f5711770000-7f5711775000 r--s 0002e000 08:01 6422664                    /home/sammy/.gradle/caches/jars-3/c5bcda7f6f4809e9c92270f99e51f154/gson-2.3.jar
7f5711775000-7f5711785000 r--s 000d6000 08:01 6422662                    /home/sammy/.gradle/caches/jars-3/dbdb8caed2514263a34702cc763c6785/proguard-base-5.3.3.jar
7f5711785000-7f5711787000 r--s 00003000 08:01 6422660                    /home/sammy/.gradle/caches/jars-3/01ab8600ebbfdcaf9b89b45c2b992e82/annotations-13.0.jar
7f5711787000-7f5711788000 r--s 00001000 08:01 6422658                    /home/sammy/.gradle/caches/jars-3/22d054403841f76f651e28ff81d7e543/annotations-26.0.0.jar
7f5711788000-7f571178b000 r--s 00033000 08:01 6422656                    /home/sammy/.gradle/caches/jars-3/0ce03714647bf7bd3c78634c20ddbf38/juniversalchardet-1.0.3.jar
7f571178b000-7f571178f000 r--s 0002a000 08:01 6422654                    /home/sammy/.gradle/caches/jars-3/9849af6d4b0409ba64061601342f385d/commons-io-2.4.jar
7f571178f000-7f57117a6000 r--s 00154000 08:01 6422652                    /home/sammy/.gradle/caches/jars-3/57adf9abd30c921d4ea1dfdcfe7b9efd/antlr4-4.5.3.jar
7f57117a6000-7f57117a7000 r--s 00003000 08:01 6422650                    /home/sammy/.gradle/caches/jars-3/f29c2da6b031c4830fe215ea32cbd1d6/baseLibrary-3.0.0.jar
7f57117a7000-7f57117d7000 r--s 00245000 08:01 6422648                    /home/sammy/.gradle/caches/jars-3/8e27cdebb49ba2f804f9403d90aaaac5/guava-22.0.jar
7f57117d7000-7f57117df000 r--s 000a8000 08:01 6422646                    /home/sammy/.gradle/caches/jars-3/6cc57ce9ec0d90186f781694264d61bc/lombok-ast-0.2.3.jar
7f57117df000-7f57117e3000 r--s 0002f000 08:01 6422644                    /home/sammy/.gradle/caches/jars-3/505fcc8c47da308b2f1262f0ff3c65f1/jimfs-1.1.jar
7f57117e3000-7f57117f6000 r--s 00241000 08:01 6422642                    /home/sammy/.gradle/caches/jars-3/d8dc71eb6d91c966c45f7b594129e14a/ecj-4.6.1.jar
7f57117f6000-7f57117f7000 r--s 00003000 08:01 6422640                    /home/sammy/.gradle/caches/jars-3/fdb8f5ebd6a086c4818336712b830716/json-simple-1.1.jar
7f57117f7000-7f571191c000 r--s 00f5d000 08:01 6422638                    /home/sammy/.gradle/caches/jars-3/dfd566a90e18a0aa75879c33e0731ab8/fastutil-7.2.0.jar
7f571191c000-7f5711967000 r--s 002ff000 08:01 6422636                    /home/sammy/.gradle/caches/jars-3/d3d44e9a7fcb4a86fb40775c385dd3d0/bcprov-jdk15on-1.56.jar
7f5711967000-7f5711978000 r--s 00097000 08:01 6422634                    /home/sammy/.gradle/caches/jars-3/59ebb77d99c5ca0e24bb23272e0329dd/bcpkix-jdk15on-1.56.jar
7f5711978000-7f571197a000 r--s 00002000 08:01 6422632                    /home/sammy/.gradle/caches/jars-3/f268e5e8fc83bb846ac355d6a16b1f30/javawriter-2.5.0.jar
7f571197a000-7f571197f000 r--s 0003b000 08:01 6422630                    /home/sammy/.gradle/caches/jars-3/e05f9976b96d28fde211735fa5e94d9a/apksig-3.0.0.jar
7f571197f000-7f5711982000 r--s 00024000 08:01 6422628                    /home/sammy/.gradle/caches/jars-3/664e7b307d7ea6fbd268ae5e965af33f/common-26.0.0.jar
7f5711982000-7f5711984000 r--s 00006000 08:01 6422626                    /home/sammy/.gradle/caches/jars-3/0406b1b4dc723dfbfe2d3f0701ad05b0/dvlib-26.0.0.jar
7f5711984000-7f5711987000 r--s 00014000 08:01 6422624                    /home/sammy/.gradle/caches/jars-3/3ce077ae1920336ec43b829a7f72ce49/layoutlib-api-26.0.0.jar
7f5711987000-7f571198c000 r--s 0004d000 08:01 6422622                    /home/sammy/.gradle/caches/jars-3/65eb04ad4074b88473a4bd0790ceb5fa/ddmlib-26.0.0.jar
7f571198c000-7f571198d000 r--s 00003000 08:01 6422620                    /home/sammy/.gradle/caches/jars-3/be01663fe004b181af941ac54e7bc4f0/builder-test-api-3.0.0.jar
7f571198d000-7f5711990000 r--s 00007000 08:01 6422618                    /home/sammy/.gradle/caches/jars-3/38f9351bf06ef722e62746fe5560ea34/builder-model-3.0.0.jar
7f5711990000-7f571199f000 r--s 00130000 08:01 6422616                    /home/sammy/.gradle/caches/jars-3/72ba1443c6adcea1f6ba21e12f0bb0fc/protobuf-java-3.0.0.jar
7f571199f000-7f57119b2000 r--s 001a8000 08:01 6422614                    /home/sammy/.gradle/caches/jars-3/2265108d6f8c35991db49bb36a4f9855/protos-26.0.0.jar
7f57119b2000-7f57119b3000 r--s 00005000 08:01 6422612                    /home/sammy/.gradle/caches/jars-3/d41f18504bb9fe2aad8342cc4d177c72/shared-26.0.0.jar
7f57119b3000-7f57119b5000 r--s 00004000 08:01 6422610                    /home/sammy/.gradle/caches/jars-3/6d32eb0515d6f097cfbdc2a4d0a68216/tracker-26.0.0.jar
7f57119b5000-7f57119b7000 r--s 00002000 08:01 6422608                    /home/sammy/.gradle/caches/jars-3/e91624d2ed1c3b55eec9fd768ed13c1d/proguard-gradle-5.3.3.jar
7f57119b7000-7f57119b9000 r--s 0000f000 08:01 6422606                    /home/sammy/.gradle/caches/jars-3/96760c32d36a5d7066e3ccf088bfd362/jopt-simple-4.9.jar
7f57119b9000-7f57119bd000 r--s 0001e000 08:01 6422604                    /home/sammy/.gradle/caches/jars-3/0d3e95aba631209a078aeec58a76633d/org.jacoco.core-0.7.4.201502262128.jar
7f57119bd000-7f57119c0000 r--s 00020000 08:01 6422602                    /home/sammy/.gradle/caches/jars-3/c72fc284d34f39eab57a4e3ba83405e9/org.jacoco.report-0.7.4.201502262128.jar
7f57119c0000-7f57119c2000 r--s 0000c000 08:01 6422600                    /home/sammy/.gradle/caches/jars-3/9b0a36633c92c6e87e62c81734593183/asm-5.1.jar
7f57119c2000-7f57119c4000 r--s 00006000 08:01 6422598                    /home/sammy/.gradle/caches/jars-3/50c8a7da333c41693b2b7ce95b6d9d89/asm-tree-5.1.jar
7f57119c4000-7f57119c5000 r--s 0000a000 08:01 6422596                    /home/sammy/.gradle/caches/jars-3/c4f1f1d5a624f981d35a78d181e2c418/asm-util-5.1.jar
7f57119c5000-7f57119c7000 r--s 0000a000 08:01 6422594                    /home/sammy/.gradle/caches/jars-3/d37aa405961c464c627b1efe5def81b8/asm-commons-5.1.jar
7f57119c7000-7f57119c8000 r--s 00004000 08:01 6422592                    /home/sammy/.gradle/caches/jars-3/2b2689d10a4425b1cb2d0654db2ea088/asm-analysis-5.1.jar
7f57119c8000-7f57119d7000 r--s 000c8000 08:01 6422588                    /home/sammy/.gradle/caches/jars-3/af931fae44e009148423077fa09abbd1/kotlin-stdlib-1.1.3-2.jar
7f57119d7000-7f5711a09000 r--s 0021b000 08:01 6422586                    /home/sammy/.gradle/caches/jars-3/24b2127528a18b338af82ff7ea236d45/kotlin-reflect-1.1.3-2.jar
7f5711a09000-7f5711a0f000 r--s 00030000 08:01 6422584                    /home/sammy/.gradle/caches/jars-3/ed1566eb5e13985bd2441d4d9fb001bc/repository-26.0.0.jar
7f5711a0f000-7f5711a1a000 r--s 0009b000 08:01 6422582                    /home/sammy/.gradle/caches/jars-3/010a8562e37fa93874e94473b7b1b739/sdklib-26.0.0.jar
7f5711a1a000-7f5711a29000 r--s 000da000 08:01 6422580                    /home/sammy/.gradle/caches/jars-3/855bd024c9103048d08cf3d6b4ccafaf/sdk-common-26.0.0.jar
7f5711a29000-7f5711a2d000 r--s 00023000 08:01 6422578                    /home/sammy/.gradle/caches/jars-3/901a1ffe8b1c867d10bb96d1ffa22bf8/manifest-merger-26.0.0.jar
7f5711a2d000-7f5711a31000 r--s 0002e000 08:01 6422576                    /home/sammy/.gradle/caches/jars-3/7844948b119640730aae7d1024fe376e/compilerCommon-3.0.0.jar
7f5711a31000-7f5711a33000 r--s 00003000 08:01 6422574                    /home/sammy/.gradle/caches/jars-3/93282345f8a1cdba41f206997292df6a/gradle-api-3.0.0.jar
7f5711a33000-7f5711a42000 r--s 000cb000 08:01 6422572                    /home/sammy/.gradle/caches/jars-3/f5905f482fd3ae4156449764362d5347/uast-26.0.0.jar
7f5711a42000-7f5711a72000 r--s 01983000 08:01 6422564                    /home/sammy/.gradle/caches/jars-3/9d8abc21f07cf6634ed8d5a72c47a95f/builder-3.0.0.jar
7f5711a72000-7f5711a95000 r--s 0020b000 08:01 6422562                    /home/sammy/.gradle/caches/jars-3/6580be06fa7f5eae6309ca3ad3a20624/gradle-core-3.0.0.jar
7f5711a95000-7f5711b4e000 r--s 00810000 08:01 52694763                   /home/sammy/.gradle/caches/modules-2/files-2.1/io.fabric.tools/gradle/1.26.1/fce05a68250fd74f39ec91dde13d02c6d190eccd/gradle-1.26.1.jar
7f5711b4e000-7f5711b51000 ---p 00000000 00:00 0 
7f5711b51000-7f5711c4f000 rw-p 00000000 00:00 0 
7f5711c4f000-7f5711c52000 ---p 00000000 00:00 0 
7f5711c52000-7f5711d50000 rw-p 00000000 00:00 0 
7f5711d50000-7f5711d53000 ---p 00000000 00:00 0 
7f5711d53000-7f5711e51000 rw-p 00000000 00:00 0 
7f5711e51000-7f5711e54000 ---p 00000000 00:00 0 
7f5711e54000-7f5712152000 rw-p 00000000 00:00 0 
7f5712152000-7f5712352000 rw-p 00000000 00:00 0 
7f5712352000-7f5712552000 rw-p 00000000 00:00 0 
7f5712552000-7f5712752000 rw-p 00000000 00:00 0 
7f5712752000-7f5712952000 rw-p 00000000 00:00 0 
7f5712952000-7f5712b52000 rw-p 00000000 00:00 0 
7f5712b52000-7f5712d52000 rw-p 00000000 00:00 0 
7f5712d52000-7f5712dcb000 r--s 010fd000 08:01 5243355                    /home/sammy/android-studio/jre/lib/tools.jar
7f5712dcb000-7f5712dcc000 r--s 00000000 08:01 6422590                    /home/sammy/.gradle/caches/jars-3/5206138fb8a6b2ffbd31e140916c2100/transform-api-2.0.0-deprecated-use-gradle-api.jar
7f5712dcc000-7f5712dd3000 r--s 0007f000 08:01 6422570                    /home/sammy/.gradle/caches/jars-3/96f25077deeaace8d84ee1787aad54fd/lint-api-26.0.0.jar
7f5712dd3000-7f5712ddc000 r--s 000ff000 08:01 6422568                    /home/sammy/.gradle/caches/jars-3/f0348591fd8e5cf1f09289c2cddb6498/lint-checks-26.0.0.jar
7f5712ddc000-7f5712ddf000 r--s 00039000 08:01 6422566                    /home/sammy/.gradle/caches/jars-3/6acf45ba7bd0fd34186c06e50fa1a773/lint-26.0.0.jar
7f5712ddf000-7f5712de1000 r--s 0000e000 08:01 52694513                   /home/sammy/.gradle/caches/modules-2/files-2.1/com.google.gms/google-services/4.1.0/33036e6eac9c174a7aad841e93df3975852a5aef/google-services-4.1.0.jar
7f5712de1000-7f5712de3000 r--s 0000f000 08:01 6422560                    /home/sammy/.gradle/caches/jars-3/119369196b5bc94e9595652e20112cf5/gradle-3.0.0.jar
7f5712de3000-7f5712de6000 ---p 00000000 00:00 0 
7f5712de6000-7f5712ee4000 rw-p 00000000 00:00 0 
7f5712ee4000-7f5712fff000 r--s 02003000 08:01 8391357                    /home/sammy/.gradle/caches/jars-3/c3a861bd52df0d090198c58877bf8e11/android.jar
7f5712fff000-7f5713006000 r--s 0002a000 08:01 5770905                    /home/sammy/.gradle/caches/jars-3/fff47aec37b967e571b648d1fc9c6db6/gradle-messaging-3.5.jar
7f5713006000-7f571300b000 r--s 00041000 08:01 5770903                    /home/sammy/.gradle/caches/jars-3/c0502f5c2cf6dfd52d250e1b7d027d24/commons-lang-2.6.jar
7f571300b000-7f571304d000 r--s 00220000 08:01 5770901                    /home/sammy/.gradle/caches/jars-3/929747bc6b973b44297e9c57df71598d/gradle-core-3.5.jar
7f571304d000-7f5713056000 r--s 00047000 08:01 5770899                    /home/sammy/.gradle/caches/jars-3/11d06a5dce89fe5632250b7df00a3d57/gradle-base-services-3.5.jar
7f5713056000-7f571307e000 r--s 001cf000 08:01 5640167                    /home/sammy/.gradle/caches/jars-3/566e7e0f530f75a42eba4833ef84d88c/guava-jdk5-17.0.jar
7f571307e000-7f571308c000 r--s 00043000 08:01 5640165                    /home/sammy/.gradle/caches/jars-3/c0d1da18a547ef3a2ba66d3068ae6e09/gradle-tooling-api-3.5.jar
7f571308c000-7f571308f000 ---p 00000000 00:00 0 
7f571308f000-7f571338d000 rw-p 00000000 00:00 0 
7f571338d000-7f5713390000 ---p 00000000 00:00 0 
7f5713390000-7f571348e000 rw-p 00000000 00:00 0 
7f571348e000-7f5713491000 ---p 00000000 00:00 0 
7f5713491000-7f571378f000 rw-p 00000000 00:00 0 
7f571378f000-7f5713792000 ---p 00000000 00:00 0 
7f5713792000-7f5713890000 rw-p 00000000 00:00 0 
7f5713890000-7f5713893000 ---p 00000000 00:00 0 
7f5713893000-7f5713991000 rw-p 00000000 00:00 0 
7f5713991000-7f5713994000 ---p 00000000 00:00 0 
7f5713994000-7f5713a92000 rw-p 00000000 00:00 0 
7f5713a92000-7f5713a95000 ---p 00000000 00:00 0 
7f5713a95000-7f5713b93000 rw-p 00000000 00:00 0 
7f5713b93000-7f5713b96000 ---p 00000000 00:00 0 
7f5713b96000-7f5713c94000 rw-p 00000000 00:00 0 
7f5713c94000-7f5713c97000 ---p 00000000 00:00 0 
7f5713c97000-7f5713d95000 rw-p 00000000 00:00 0 
7f5713d95000-7f5713d98000 ---p 00000000 00:00 0 
7f5713d98000-7f5713e96000 rw-p 00000000 00:00 0 
7f5713e96000-7f5713e9d000 r--s 00000000 08:01 8784882                    /usr/lib/x86_64-linux-gnu/gconv/gconv-modules.cache
7f5713e9d000-7f5713ea0000 ---p 00000000 00:00 0 
7f5713ea0000-7f5713f9e000 rw-p 00000000 00:00 0 
7f5713f9e000-7f5713fa3000 r--s 0009a000 08:01 5243393                    /home/sammy/android-studio/jre/jre/lib/jsse.jar
7f5713fa3000-7f57141a3000 rw-p 00000000 00:00 0 
7f57141a3000-7f57141ac000 r-xp 00000000 08:01 5243471                    /home/sammy/android-studio/jre/jre/lib/amd64/libmanagement.so
7f57141ac000-7f57143ab000 ---p 00009000 08:01 5243471                    /home/sammy/android-studio/jre/jre/lib/amd64/libmanagement.so
7f57143ab000-7f57143ac000 r--p 00008000 08:01 5243471                    /home/sammy/android-studio/jre/jre/lib/amd64/libmanagement.so
7f57143ac000-7f57143ad000 rw-p 00009000 08:01 5243471                    /home/sammy/android-studio/jre/jre/lib/amd64/libmanagement.so
7f57143ad000-7f57143af000 r--s 00007000 08:01 5114917                    /home/sammy/.gradle/wrapper/dists/gradle-4.1-all/bzyivzo6n839fup2jbap0tjew/gradle-4.1/lib/plugins/gradle-tooling-api-builders-4.1.jar
7f57143af000-7f57143b2000 r--s 00009000 08:01 5114927                    /home/sammy/.gradle/wrapper/dists/gradle-4.1-all/bzyivzo6n839fup2jbap0tjew/gradle-4.1/lib/plugins/gradle-testing-native-4.1.jar
7f57143b2000-7f57143b4000 r--s 00009000 08:01 5115000                    /home/sammy/.gradle/wrapper/dists/gradle-4.1-all/bzyivzo6n839fup2jbap0tjew/gradle-4.1/lib/plugins/hamcrest-core-1.3.jar
7f57143b4000-7f57143b9000 r--s 00040000 08:01 5114995                    /home/sammy/.gradle/wrapper/dists/gradle-4.1-all/bzyivzo6n839fup2jbap0tjew/gradle-4.1/lib/plugins/bsh-2.0b4.jar
7f57143b9000-7f57143bb000 r--s 00006000 08:01 5114996                    /home/sammy/.gradle/wrapper/dists/gradle-4.1-all/bzyivzo6n839fup2jbap0tjew/gradle-4.1/lib/plugins/jcommander-1.12.jar
7f57143bb000-7f57143c1000 r--s 00033000 08:01 5114997                    /home/sammy/.gradle/wrapper/dists/gradle-4.1-all/bzyivzo6n839fup2jbap0tjew/gradle-4.1/lib/plugins/snakeyaml-1.6.jar
7f57143c1000-7f57143ca000 r--s 00089000 08:01 5114955                    /home/sammy/.gradle/wrapper/dists/gradle-4.1-all/bzyivzo6n839fup2jbap0tjew/gradle-4.1/lib/plugins/testng-6.3.1.jar
7f57143ca000-7f57143d2000 r--s 00045000 08:01 5114956                    /home/sammy/.gradle/wrapper/dists/gradle-4.1-all/bzyivzo6n839fup2jbap0tjew/gradle-4.1/lib/plugins/junit-4.12.jar
7f57143d2000-7f57143d8000 r--s 0002e000 08:01 5114923                    /home/sammy/.gradle/wrapper/dists/gradle-4.1-all/bzyivzo6n839fup2jbap0tjew/gradle-4.1/lib/plugins/gradle-testing-jvm-4.1.jar
7f57143d8000-7f57143dc000 r--s 00017000 08:01 5114931                    /home/sammy/.gradle/wrapper/dists/gradle-4.1-all/bzyivzo6n839fup2jbap0tjew/gradle-4.1/lib/plugins/gradle-testing-base-4.1.jar
7f57143dc000-7f57143e3000 r--s 00038000 08:01 5114951                    /home/sammy/.gradle/wrapper/dists/gradle-4.1-all/bzyivzo6n839fup2jbap0tjew/gradle-4.1/lib/plugins/bcpg-jdk15on-1.51.jar
7f57143e3000-7f57143e5000 r--s 0000c000 08:01 5114902                    /home/sammy/.gradle/wrapper/dists/gradle-4.1-all/bzyivzo6n839fup2jbap0tjew/gradle-4.1/lib/plugins/gradle-signing-4.1.jar
7f57143e5000-7f57143e7000 r--s 00007000 08:01 5114908                    /home/sammy/.gradle/wrapper/dists/gradle-4.1-all/bzyivzo6n839fup2jbap0tjew/gradle-4.1/lib/plugins/gradle-scala-4.1.jar
7f57143e7000-7f57143e8000 r--s 00004000 08:01 5114939                    /home/sammy/.gradle/wrapper/dists/gradle-4.1-all/bzyivzo6n839fup2jbap0tjew/gradle-4.1/lib/plugins/gradle-resources-sftp-4.1.jar
7f57143e8000-7f57143f8000 r--s 00088000 08:01 5114968                    /home/sammy/.gradle/wrapper/dists/gradle-4.1-all/bzyivzo6n839fup2jbap0tjew/gradle-4.1/lib/plugins/joda-time-2.8.2.jar
7f57143f8000-7f5714409000 r--s 0010d000 08:01 5114967                    /home/sammy/.gradle/wrapper/dists/gradle-4.1-all/bzyivzo6n839fup2jbap0tjew/gradle-4.1/lib/plugins/jackson-databind-2.6.6.jar
7f5714409000-7f571440c000 r--s 00009000 08:01 5114966                    /home/sammy/.gradle/wrapper/dists/gradle-4.1-all/bzyivzo6n839fup2jbap0tjew/gradle-4.1/lib/plugins/jackson-annotations-2.6.6.jar
7f571440c000-7f5714410000 r--s 0003c000 08:01 5114965                    /home/sammy/.gradle/wrapper/dists/gradle-4.1-all/bzyivzo6n839fup2jbap0tjew/gradle-4.1/lib/plugins/jackson-core-2.6.6.jar
7f5714410000-7f571441e000 r--s 00087000 08:01 5114964                    /home/sammy/.gradle/wrapper/dists/gradle-4.1-all/bzyivzo6n839fup2jbap0tjew/gradle-4.1/lib/plugins/aws-java-sdk-core-1.11.6.jar
7f571441e000-7f5714425000 r--s 00057000 08:01 5114963                    /home/sammy/.gradle/wrapper/dists/gradle-4.1-all/bzyivzo6n839fup2jbap0tjew/gradle-4.1/lib/plugins/aws-java-sdk-kms-1.11.6.jar
7f5714425000-7f5714432000 r--s 0008e000 08:01 5114962                    /home/sammy/.gradle/wrapper/dists/gradle-4.1-all/bzyivzo6n839fup2jbap0tjew/gradle-4.1/lib/plugins/aws-java-sdk-s3-1.11.6.jar
7f5714432000-7f5714434000 r--s 00004000 08:01 5114936                    /home/sammy/.gradle/wrapper/dists/gradle-4.1-all/bzyivzo6n839fup2jbap0tjew/gradle-4.1/lib/plugins/gradle-resources-s3-4.1.jar
7f5714434000-7f5714436000 r--s 00010000 08:01 5114932                    /home/sammy/.gradle/wrapper/dists/gradle-4.1-all/bzyivzo6n839fup2jbap0tjew/gradle-4.1/lib/plugins/gradle-reporting-4.1.jar
7f5714436000-7f5714438000 r--s 00002000 08:01 5114933                    /home/sammy/.gradle/wrapper/dists/gradle-4.1-all/bzyivzo6n839fup2jbap0tjew/gradle-4.1/lib/plugins/gradle-publish-4.1.jar
7f5714438000-7f571444e000 r-xp 00000000 08:01 2888119                    /lib/x86_64-linux-gnu/libgcc_s.so.1
7f571444e000-7f571464d000 ---p 00016000 08:01 2888119                    /lib/x86_64-linux-gnu/libgcc_s.so.1
7f571464d000-7f571464e000 rw-p 00015000 08:01 2888119                    /lib/x86_64-linux-gnu/libgcc_s.so.1
7f571464e000-7f57147c0000 r-xp 00000000 08:01 8521861                    /usr/lib/x86_64-linux-gnu/libstdc++.so.6.0.21
7f57147c0000-7f57149c0000 ---p 00172000 08:01 8521861                    /usr/lib/x86_64-linux-gnu/libstdc++.so.6.0.21
7f57149c0000-7f57149ca000 r--p 00172000 08:01 8521861                    /usr/lib/x86_64-linux-gnu/libstdc++.so.6.0.21
7f57149ca000-7f57149cc000 rw-p 0017c000 08:01 8521861                    /usr/lib/x86_64-linux-gnu/libstdc++.so.6.0.21
7f57149cc000-7f57149d0000 rw-p 00000000 00:00 0 
7f57149d0000-7f57149d5000 r-xp 00000000 08:01 5116302                    /home/sammy/.gradle/native/25/linux-amd64/libnative-platform.so
7f57149d5000-7f5714bd4000 ---p 00005000 08:01 5116302                    /home/sammy/.gradle/native/25/linux-amd64/libnative-platform.so
7f5714bd4000-7f5714bd5000 rw-p 00004000 08:01 5116302                    /home/sammy/.gradle/native/25/linux-amd64/libnative-platform.so
7f5714bd5000-7f5714be6000 r-xp 00000000 08:01 5243478                    /home/sammy/android-studio/jre/jre/lib/amd64/libnio.so
7f5714be6000-7f5714de5000 ---p 00011000 08:01 5243478                    /home/sammy/android-studio/jre/jre/lib/amd64/libnio.so
7f5714de5000-7f5714de6000 r--p 00010000 08:01 5243478                    /home/sammy/android-studio/jre/jre/lib/amd64/libnio.so
7f5714de6000-7f5714de7000 rw-p 00011000 08:01 5243478                    /home/sammy/android-studio/jre/jre/lib/amd64/libnio.so
7f5714de7000-7f5717de8000 rw-p 00000000 00:00 0 
7f5717de8000-7f5717dfe000 r-xp 00000000 08:01 5243476                    /home/sammy/android-studio/jre/jre/lib/amd64/libnet.so
7f5717dfe000-7f5717ffe000 ---p 00016000 08:01 5243476                    /home/sammy/android-studio/jre/jre/lib/amd64/libnet.so
7f5717ffe000-7f5717fff000 r--p 00016000 08:01 5243476                    /home/sammy/android-studio/jre/jre/lib/amd64/libnet.so
7f5717fff000-7f5718000000 rw-p 00017000 08:01 5243476                    /home/sammy/android-studio/jre/jre/lib/amd64/libnet.so
7f5718000000-7f5718021000 rw-p 00000000 00:00 0 
7f5718021000-7f571c000000 ---p 00000000 00:00 0 
7f571c000000-7f571c021000 rw-p 00000000 00:00 0 
7f571c021000-7f5720000000 ---p 00000000 00:00 0 
7f5720000000-7f5721a5a000 rw-p 00000000 00:00 0 
7f5721a5a000-7f5724000000 ---p 00000000 00:00 0 
7f5724000000-7f5724a71000 rw-p 00000000 00:00 0 
7f5724a71000-7f5728000000 ---p 00000000 00:00 0 
7f5728000000-7f5728021000 rw-p 00000000 00:00 0 
7f5728021000-7f572c000000 ---p 00000000 00:00 0 
7f572c000000-7f572e28b000 rw-p 00000000 00:00 0 
7f572e28b000-7f5730000000 ---p 00000000 00:00 0 
7f5730000000-7f5730021000 rw-p 00000000 00:00 0 
7f5730021000-7f5734000000 ---p 00000000 00:00 0 
7f5734000000-7f5734021000 rw-p 00000000 00:00 0 
7f5734021000-7f5738000000 ---p 00000000 00:00 0 
7f5738000000-7f5738104000 rw-p 00000000 00:00 0 
7f5738104000-7f573c000000 ---p 00000000 00:00 0 
7f573c000000-7f573c033000 rw-p 00000000 00:00 0 
7f573c033000-7f5740000000 ---p 00000000 00:00 0 
7f5740000000-7f5740002000 r--s 00009000 08:01 5114944                    /home/sammy/.gradle/wrapper/dists/gradle-4.1-all/bzyivzo6n839fup2jbap0tjew/gradle-4.1/lib/plugins/commons-cli-1.2.jar
7f5740002000-7f5740008000 r--s 00036000 08:01 5114916                    /home/sammy/.gradle/wrapper/dists/gradle-4.1-all/bzyivzo6n839fup2jbap0tjew/gradle-4.1/lib/plugins/gradle-plugins-4.1.jar
7f5740008000-7f574000a000 r--s 00009000 08:01 5114903                    /home/sammy/.gradle/wrapper/dists/gradle-4.1-all/bzyivzo6n839fup2jbap0tjew/gradle-4.1/lib/plugins/gradle-plugin-development-4.1.jar
7f574000a000-7f5740010000 r--s 0002b000 08:01 5114911                    /home/sammy/.gradle/wrapper/dists/gradle-4.1-all/bzyivzo6n839fup2jbap0tjew/gradle-4.1/lib/plugins/gradle-platform-play-4.1.jar
7f5740010000-7f574001f000 r--s 0005b000 08:01 5114929                    /home/sammy/.gradle/wrapper/dists/gradle-4.1-all/bzyivzo6n839fup2jbap0tjew/gradle-4.1/lib/plugins/gradle-platform-native-4.1.jar
7f574001f000-7f5740023000 r--s 0001b000 08:01 5114926                    /home/sammy/.gradle/wrapper/dists/gradle-4.1-all/bzyivzo6n839fup2jbap0tjew/gradle-4.1/lib/plugins/gradle-platform-jvm-4.1.jar
7f5740023000-7f574002b000 r--s 00027000 08:01 5114934                    /home/sammy/.gradle/wrapper/dists/gradle-4.1-all/bzyivzo6n839fup2jbap0tjew/gradle-4.1/lib/plugins/gradle-platform-base-4.1.jar
7f574002b000-7f5740053000 r--s 0021c000 08:01 5114945                    /home/sammy/.gradle/wrapper/dists/gradle-4.1-all/bzyivzo6n839fup2jbap0tjew/gradle-4.1/lib/plugins/biz.aQute.bndlib-3.2.0.jar
7f5740053000-7f5740054000 r--s 00004000 08:01 5114901                    /home/sammy/.gradle/wrapper/dists/gradle-4.1-all/bzyivzo6n839fup2jbap0tjew/gradle-4.1/lib/plugins/gradle-osgi-4.1.jar
7f5740054000-7f5740057000 r--s 0000c000 08:01 5114948                    /home/sammy/.gradle/wrapper/dists/gradle-4.1-all/bzyivzo6n839fup2jbap0tjew/gradle-4.1/lib/plugins/pmaven-groovy-0.8-20100325.jar
7f5740057000-7f5740058000 r--s 00004000 08:01 5114947                    /home/sammy/.gradle/wrapper/dists/gradle-4.1-all/bzyivzo6n839fup2jbap0tjew/gradle-4.1/lib/plugins/pmaven-common-0.8-20100325.jar
7f5740058000-7f574005e000 r--s 00023000 08:01 5114904                    /home/sammy/.gradle/wrapper/dists/gradle-4.1-all/bzyivzo6n839fup2jbap0tjew/gradle-4.1/lib/plugins/gradle-maven-4.1.jar
7f574005e000-7f5740061000 r--s 0000b000 08:01 5114922                    /home/sammy/.gradle/wrapper/dists/gradle-4.1-all/bzyivzo6n839fup2jbap0tjew/gradle-4.1/lib/plugins/gradle-language-scala-4.1.jar
7f5740061000-7f5740068000 r--s 00020000 08:01 5114928                    /home/sammy/.gradle/wrapper/dists/gradle-4.1-all/bzyivzo6n839fup2jbap0tjew/gradle-4.1/lib/plugins/gradle-language-native-4.1.jar
7f5740068000-7f574006a000 r--s 00005000 08:01 5114925                    /home/sammy/.gradle/wrapper/dists/gradle-4.1-all/bzyivzo6n839fup2jbap0tjew/gradle-4.1/lib/plugins/gradle-language-jvm-4.1.jar
7f574006a000-7f5740071000 r--s 0002f000 08:01 5114924                    /home/sammy/.gradle/wrapper/dists/gradle-4.1-all/bzyivzo6n839fup2jbap0tjew/gradle-4.1/lib/plugins/gradle-language-java-4.1.jar
7f5740071000-7f5740074000 r--s 0000a000 08:01 5114921                    /home/sammy/.gradle/wrapper/dists/gradle-4.1-all/bzyivzo6n839fup2jbap0tjew/gradle-4.1/lib/plugins/gradle-language-groovy-4.1.jar
7f5740074000-7f574007b000 r--s 00035000 08:01 5114954                    /home/sammy/.gradle/wrapper/dists/gradle-4.1-all/bzyivzo6n839fup2jbap0tjew/gradle-4.1/lib/plugins/simple-4.1.21.jar
7f574007b000-7f5740087000 r--s 00100000 08:01 5114952                    /home/sammy/.gradle/wrapper/dists/gradle-4.1-all/bzyivzo6n839fup2jbap0tjew/gradle-4.1/lib/plugins/rhino-1.7R3.jar
7f5740087000-7f574008b000 r--s 00012000 08:01 5114912                    /home/sammy/.gradle/wrapper/dists/gradle-4.1-all/bzyivzo6n839fup2jbap0tjew/gradle-4.1/lib/plugins/gradle-javascript-4.1.jar
7f574008b000-7f574008e000 r--s 00011000 08:01 5114914                    /home/sammy/.gradle/wrapper/dists/gradle-4.1-all/bzyivzo6n839fup2jbap0tjew/gradle-4.1/lib/plugins/gradle-jacoco-4.1.jar
7f574008e000-7f5740091000 r--s 0000e000 08:01 5114913                    /home/sammy/.gradle/wrapper/dists/gradle-4.1-all/bzyivzo6n839fup2jbap0tjew/gradle-4.1/lib/plugins/gradle-ivy-4.1.jar
7f5740091000-7f5740092000 r--s 00002000 08:01 5114905                    /home/sammy/.gradle/wrapper/dists/gradle-4.1-all/bzyivzo6n839fup2jbap0tjew/gradle-4.1/lib/plugins/gradle-ide-play-4.1.jar
7f5740092000-7f5740095000 r--s 00013000 08:01 5114906                    /home/sammy/.gradle/wrapper/dists/gradle-4.1-all/bzyivzo6n839fup2jbap0tjew/gradle-4.1/lib/plugins/gradle-ide-native-4.1.jar
7f5740095000-7f574009f000 r--s 00054000 08:01 5114907                    /home/sammy/.gradle/wrapper/dists/gradle-4.1-all/bzyivzo6n839fup2jbap0tjew/gradle-4.1/lib/plugins/gradle-ide-4.1.jar
7f574009f000-7f57400a1000 r--s 00007000 08:01 5114910                    /home/sammy/.gradle/wrapper/dists/gradle-4.1-all/bzyivzo6n839fup2jbap0tjew/gradle-4.1/lib/plugins/gradle-ear-4.1.jar
7f57400a1000-7f57400a3000 r--s 00005000 08:01 5114942                    /home/sammy/.gradle/wrapper/dists/gradle-4.1-all/bzyivzo6n839fup2jbap0tjew/gradle-4.1/lib/plugins/jatl-0.2.2.jar
7f57400a3000-7f57400aa000 r--s 00038000 08:01 5114930                    /home/sammy/.gradle/wrapper/dists/gradle-4.1-all/bzyivzo6n839fup2jbap0tjew/gradle-4.1/lib/plugins/gradle-diagnostics-4.1.jar
7f57400aa000-7f57400ac000 r--s 0000b000 08:01 5114919                    /home/sammy/.gradle/wrapper/dists/gradle-4.1-all/bzyivzo6n839fup2jbap0tjew/gradle-4.1/lib/plugins/gradle-composite-builds-4.1.jar
7f57400ac000-7f57400b1000 r--s 00025000 08:01 5114899                    /home/sammy/.gradle/wrapper/dists/gradle-4.1-all/bzyivzo6n839fup2jbap0tjew/gradle-4.1/lib/plugins/gradle-code-quality-4.1.jar
7f57400b1000-7f57400b6000 r--s 00022000 08:01 5114915                    /home/sammy/.gradle/wrapper/dists/gradle-4.1-all/bzyivzo6n839fup2jbap0tjew/gradle-4.1/lib/plugins/gradle-build-init-4.1.jar
7f57400b6000-7f57400bc000 r--s 0008e000 08:01 5114909                    /home/sammy/.gradle/wrapper/dists/gradle-4.1-all/bzyivzo6n839fup2jbap0tjew/gradle-4.1/lib/plugins/gradle-build-comparison-4.1.jar
7f57400bc000-7f57400bd000 r--s 00002000 08:01 5114937                    /home/sammy/.gradle/wrapper/dists/gradle-4.1-all/bzyivzo6n839fup2jbap0tjew/gradle-4.1/lib/plugins/gradle-build-cache-http-4.1.jar
7f57400bd000-7f57400bf000 r--s 00008000 08:01 5114900                    /home/sammy/.gradle/wrapper/dists/gradle-4.1-all/bzyivzo6n839fup2jbap0tjew/gradle-4.1/lib/plugins/gradle-antlr-4.1.jar
7f57400bf000-7f57400c1000 r--s 00004000 08:01 5114920                    /home/sammy/.gradle/wrapper/dists/gradle-4.1-all/bzyivzo6n839fup2jbap0tjew/gradle-4.1/lib/plugins/gradle-announce-4.1.jar
7f57400c1000-7f57400c3000 r--s 00008000 08:01 5114840                    /home/sammy/.gradle/wrapper/dists/gradle-4.1-all/bzyivzo6n839fup2jbap0tjew/gradle-4.1/lib/gradle-kotlin-dsl-tooling-builders-0.10.3.jar
7f57400c3000-7f57400c6000 r--s 0001c000 08:01 5114958                    /home/sammy/.gradle/wrapper/dists/gradle-4.1-all/bzyivzo6n839fup2jbap0tjew/gradle-4.1/lib/plugins/nekohtml-1.9.14.jar
7f57400c6000-7f57400ce000 r--s 00028000 08:01 5114999                    /home/sammy/.gradle/wrapper/dists/gradle-4.1-all/bzyivzo6n839fup2jbap0tjew/gradle-4.1/lib/plugins/xml-apis-1.3.04.jar
7f57400ce000-7f57400e6000 r--s 00115000 08:01 5114959                    /home/sammy/.gradle/wrapper/dists/gradle-4.1-all/bzyivzo6n839fup2jbap0tjew/gradle-4.1/lib/plugins/xercesImpl-2.9.1.jar
7f57400e6000-7f57400ec000 r--s 0005b000 08:01 5114957                    /home/sammy/.gradle/wrapper/dists/gradle-4.1-all/bzyivzo6n839fup2jbap0tjew/gradle-4.1/lib/plugins/jcifs-1.3.17.jar
7f57400ec000-7f57400f3000 r--s 00049000 08:01 5114998                    /home/sammy/.gradle/wrapper/dists/gradle-4.1-all/bzyivzo6n839fup2jbap0tjew/gradle-4.1/lib/plugins/httpcore-4.4.4.jar
7f57400f3000-7f57400f9000 r--s 00033000 08:01 5114950                    /home/sammy/.gradle/wrapper/dists/gradle-4.1-all/bzyivzo6n839fup2jbap0tjew/gradle-4.1/lib/plugins/commons-codec-1.6.jar
7f57400f9000-7f5740106000 r--s 000a4000 08:01 5114943                    /home/sammy/.gradle/wrapper/dists/gradle-4.1-all/bzyivzo6n839fup2jbap0tjew/gradle-4.1/lib/plugins/httpclient-4.4.1.jar
7f5740106000-7f5740108000 r--s 0000b000 08:01 5114938                    /home/sammy/.gradle/wrapper/dists/gradle-4.1-all/bzyivzo6n839fup2jbap0tjew/gradle-4.1/lib/plugins/gradle-resources-http-4.1.jar
7f5740108000-7f574010c000 r--s 00017000 08:01 5114935                    /home/sammy/.gradle/wrapper/dists/gradle-4.1-all/bzyivzo6n839fup2jbap0tjew/gradle-4.1/lib/plugins/gradle-plugin-use-4.1.jar
7f574010c000-7f574010d000 r--s 00000000 08:01 5114846                    /home/sammy/.gradle/wrapper/dists/gradle-4.1-all/bzyivzo6n839fup2jbap0tjew/gradle-4.1/lib/gradle-runtime-api-info-4.1.jar
7f574010d000-7f574010e000 r--s 00000000 08:01 5114849                    /home/sammy/.gradle/wrapper/dists/gradle-4.1-all/bzyivzo6n839fup2jbap0tjew/gradle-4.1/lib/gradle-installation-beacon-4.1.jar
7f574010e000-7f574014e000 r--s 00277000 08:01 5114970                    /home/sammy/.gradle/wrapper/dists/gradle-4.1-all/bzyivzo6n839fup2jbap0tjew/gradle-4.1/lib/plugins/bcprov-jdk15on-1.51.jar
7f574014e000-7f5740152000 r--s 0001d000 08:01 5114969                    /home/sammy/.gradle/wrapper/dists/gradle-4.1-all/bzyivzo6n839fup2jbap0tjew/gradle-4.1/lib/plugins/xbean-reflect-3.4.jar
7f5740152000-7f5740154000 r--s 0000a000 08:01 5114971                    /home/sammy/.gradle/wrapper/dists/gradle-4.1-all/bzyivzo6n839fup2jbap0tjew/gradle-4.1/lib/plugins/maven-settings-3.0.4.jar
7f5740154000-7f5740157000 r--s 00008000 08:01 5114972                    /home/sammy/.gradle/wrapper/dists/gradle-4.1-all/bzyivzo6n839fup2jbap0tjew/gradle-4.1/lib/plugins/maven-settings-builder-3.0.4.jar
7f5740157000-7f574015b000 r--s 00033000 08:01 5114973                    /home/sammy/.gradle/wrapper/dists/gradle-4.1-all/bzyivzo6n839fup2jbap0tjew/gradle-4.1/lib/plugins/plexus-utils-2.0.6.jar
7f574015b000-7f574015d000 r--s 0000d000 08:01 5114974                    /home/sammy/.gradle/wrapper/dists/gradle-4.1-all/bzyivzo6n839fup2jbap0tjew/gradle-4.1/lib/plugins/plexus-interpolation-1.14.jar
7f574015d000-7f574015f000 r--s 00000000 08:01 5114949                    /home/sammy/.gradle/wrapper/dists/gradle-4.1-all/bzyivzo6n839fup2jbap0tjew/gradle-4.1/lib/plugins/plexus-component-annotations-1.5.5.jar
7f574015f000-7f5740166000 r--s 0002e000 08:01 5114975                    /home/sammy/.gradle/wrapper/dists/gradle-4.1-all/bzyivzo6n839fup2jbap0tjew/gradle-4.1/lib/plugins/plexus-container-default-1.5.5.jar
7f5740166000-7f5740168000 r--s 0000a000 08:01 5114976                    /home/sammy/.gradle/wrapper/dists/gradle-4.1-all/bzyivzo6n839fup2jbap0tjew/gradle-4.1/lib/plugins/plexus-classworlds-2.4.jar
7f5740168000-7f574016a000 r--s 00002000 08:01 5114977                    /home/sammy/.gradle/wrapper/dists/gradle-4.1-all/bzyivzo6n839fup2jbap0tjew/gradle-4.1/lib/plugins/plexus-cipher-1.7.jar
7f574016a000-7f574016b000 r--s 00006000 08:01 5114978                    /home/sammy/.gradle/wrapper/dists/gradle-4.1-all/bzyivzo6n839fup2jbap0tjew/gradle-4.1/lib/plugins/plexus-sec-dispatcher-1.3.jar
7f574016b000-7f5740171000 r--s 0003f000 08:01 5114979                    /home/sammy/.gradle/wrapper/dists/gradle-4.1-all/bzyivzo6n839fup2jbap0tjew/gradle-4.1/lib/plugins/maven-compat-3.0.4.jar
7f5740171000-7f5740175000 r--s 00021000 08:01 5114980                    /home/sammy/.gradle/wrapper/dists/gradle-4.1-all/bzyivzo6n839fup2jbap0tjew/gradle-4.1/lib/plugins/maven-model-builder-3.0.4.jar
7f5740175000-7f5740177000 r--s 00026000 08:01 5114981                    /home/sammy/.gradle/wrapper/dists/gradle-4.1-all/bzyivzo6n839fup2jbap0tjew/gradle-4.1/lib/plugins/maven-model-3.0.4.jar
7f5740177000-7f5740179000 r--s 0000b000 08:01 5114982                    /home/sammy/.gradle/wrapper/dists/gradle-4.1-all/bzyivzo6n839fup2jbap0tjew/gradle-4.1/lib/plugins/maven-artifact-3.0.4.jar
7f5740179000-7f574017b000 r--s 00006000 08:01 5114983                    /home/sammy/.gradle/wrapper/dists/gradle-4.1-all/bzyivzo6n839fup2jbap0tjew/gradle-4.1/lib/plugins/maven-repository-metadata-3.0.4.jar
7f574017b000-7f574017d000 r--s 0000b000 08:01 5114984                    /home/sammy/.gradle/wrapper/dists/gradle-4.1-all/bzyivzo6n839fup2jbap0tjew/gradle-4.1/lib/plugins/maven-plugin-api-3.0.4.jar
7f574017d000-7f574017f000 r--s 0000c000 08:01 5114985                    /home/sammy/.gradle/wrapper/dists/gradle-4.1-all/bzyivzo6n839fup2jbap0tjew/gradle-4.1/lib/plugins/maven-aether-provider-3.0.4.jar
7f574017f000-7f5740180000 r--s 00002000 08:01 5114986                    /home/sammy/.gradle/wrapper/dists/gradle-4.1-all/bzyivzo6n839fup2jbap0tjew/gradle-4.1/lib/plugins/wagon-file-2.4.jar
7f5740180000-7f5740181000 r--s 00002000 08:01 5114987                    /home/sammy/.gradle/wrapper/dists/gradle-4.1-all/bzyivzo6n839fup2jbap0tjew/gradle-4.1/lib/plugins/wagon-http-2.4.jar
7f5740181000-7f5740183000 r--s 0000b000 08:01 5114988                    /home/sammy/.gradle/wrapper/dists/gradle-4.1-all/bzyivzo6n839fup2jbap0tjew/gradle-4.1/lib/plugins/wagon-provider-api-2.4.jar
7f5740183000-7f5740184000 r--s 00007000 08:01 5114989                    /home/sammy/.gradle/wrapper/dists/gradle-4.1-all/bzyivzo6n839fup2jbap0tjew/gradle-4.1/lib/plugins/wagon-http-shared4-2.4.jar
7f5740184000-7f5740187000 r--s 00013000 08:01 5114990                    /home/sammy/.gradle/wrapper/dists/gradle-4.1-all/bzyivzo6n839fup2jbap0tjew/gradle-4.1/lib/plugins/aether-api-1.13.1.jar
7f5740187000-7f574018a000 r--s 0001d000 08:01 5114991                    /home/sammy/.gradle/wrapper/dists/gradle-4.1-all/bzyivzo6n839fup2jbap0tjew/gradle-4.1/lib/plugins/aether-impl-1.13.1.jar
7f574018a000-7f574018b000 r--s 00003000 08:01 5114992                    /home/sammy/.gradle/wrapper/dists/gradle-4.1-all/bzyivzo6n839fup2jbap0tjew/gradle-4.1/lib/plugins/aether-spi-1.13.1.jar
7f574018b000-7f574018f000 r--s 0001c000 08:01 5114993                    /home/sammy/.gradle/wrapper/dists/gradle-4.1-all/bzyivzo6n839fup2jbap0tjew/gradle-4.1/lib/plugins/aether-util-1.13.1.jar
7f574018f000-7f5740191000 r--s 00006000 08:01 5114994                    /home/sammy/.gradle/wrapper/dists/gradle-4.1-all/bzyivzo6n839fup2jbap0tjew/gradle-4.1/lib/plugins/aether-connector-wagon-1.13.1.jar
7f5740191000-7f574019d000 r--s 0007d000 08:01 5114946                    /home/sammy/.gradle/wrapper/dists/gradle-4.1-all/bzyivzo6n839fup2jbap0tjew/gradle-4.1/lib/plugins/maven-core-3.0.4.jar
7f574019d000-7f57401a2000 r--s 00034000 08:01 5114953                    /home/sammy/.gradle/wrapper/dists/gradle-4.1-all/bzyivzo6n839fup2jbap0tjew/gradle-4.1/lib/plugins/gson-2.7.jar
7f57401a2000-7f57401a7000 r--s 00040000 08:01 5114961                    /home/sammy/.gradle/wrapper/dists/gradle-4.1-all/bzyivzo6n839fup2jbap0tjew/gradle-4.1/lib/plugins/jsch-0.1.54.jar
7f57401a7000-7f57401b6000 r--s 000d9000 08:01 5114960                    /home/sammy/.gradle/wrapper/dists/gradle-4.1-all/bzyivzo6n839fup2jbap0tjew/gradle-4.1/lib/plugins/ivy-2.2.0.jar
7f57401b6000-7f57401da000 r--s 0011a000 08:01 5114941                    /home/sammy/.gradle/wrapper/dists/gradle-4.1-all/bzyivzo6n839fup2jbap0tjew/gradle-4.1/lib/plugins/gradle-dependency-management-4.1.jar
7f57401da000-7f57401dd000 r--s 0000d000 08:01 5114940                    /home/sammy/.gradle/wrapper/dists/gradle-4.1-all/bzyivzo6n839fup2jbap0tjew/gradle-4.1/lib/plugins/gradle-workers-4.1.jar
7f57401dd000-7f57401de000 r--s 00006000 08:01 5114848                    /home/sammy/.gradle/wrapper/dists/gradle-4.1-all/bzyivzo6n839fup2jbap0tjew/gradle-4.1/lib/gradle-wrapper-4.1.jar
7f57401de000-7f57401eb000 r--s 00043000 08:01 5114847                    /home/sammy/.gradle/wrapper/dists/gradle-4.1-all/bzyivzo6n839fup2jbap0tjew/gradle-4.1/lib/gradle-tooling-api-4.1.jar
7f57401eb000-7f57401fa000 r--s 000c8000 08:01 5114844                    /home/sammy/.gradle/wrapper/dists/gradle-4.1-all/bzyivzo6n839fup2jbap0tjew/gradle-4.1/lib/kotlin-stdlib-1.1.3-2.jar
7f57401fa000-7f574022c000 r--s 0021b000 08:01 5114843                    /home/sammy/.gradle/wrapper/dists/gradle-4.1-all/bzyivzo6n839fup2jbap0tjew/gradle-4.1/lib/kotlin-reflect-1.1.3-2.jar
7f574022c000-7f57403e3000 r--s 01786000 08:01 5114842                    /home/sammy/.gradle/wrapper/dists/gradle-4.1-all/bzyivzo6n839fup2jbap0tjew/gradle-4.1/lib/kotlin-compiler-embeddable-1.1.3-2.jar
7f57403e3000-7f57403e4000 r--s 00000000 08:01 5114841                    /home/sammy/.gradle/wrapper/dists/gradle-4.1-all/bzyivzo6n839fup2jbap0tjew/gradle-4.1/lib/gradle-kotlin-dsl-tooling-models-0.10.3.jar
7f57403e4000-7f57403e5000 r--s 00001000 08:01 5114839                    /home/sammy/.gradle/wrapper/dists/gradle-4.1-all/bzyivzo6n839fup2jbap0tjew/gradle-4.1/lib/gradle-kotlin-dsl-compiler-plugin-0.10.3.jar
7f57403e5000-7f57403e7000 r--s 00003000 08:01 5114837                    /home/sammy/.gradle/wrapper/dists/gradle-4.1-all/bzyivzo6n839fup2jbap0tjew/gradle-4.1/lib/annotations-13.0.jar
7f57403e7000-7f57403f1000 r--s 00073000 08:01 5114838                    /home/sammy/.gradle/wrapper/dists/gradle-4.1-all/bzyivzo6n839fup2jbap0tjew/gradle-4.1/lib/gradle-kotlin-dsl-0.10.3.jar
7f57403f1000-7f57403f6000 r--s 00013000 08:01 5114854                    /home/sammy/.gradle/wrapper/dists/gradle-4.1-all/bzyivzo6n839fup2jbap0tjew/gradle-4.1/lib/gradle-resources-4.1.jar
7f57403f6000-7f57403f8000 r--s 00005000 08:01 5114861                    /home/sammy/.gradle/wrapper/dists/gradle-4.1-all/bzyivzo6n839fup2jbap0tjew/gradle-4.1/lib/gradle-cli-4.1.jar
7f57403f8000-7f57403fa000 r--s 00003000 08:01 5114868                    /home/sammy/.gradle/wrapper/dists/gradle-4.1-all/bzyivzo6n839fup2jbap0tjew/gradle-4.1/lib/jcl-over-slf4j-1.7.10.jar
7f57403fa000-7f57403fb000 r--s 00005000 08:01 5114867                    /home/sammy/.gradle/wrapper/dists/gradle-4.1-all/bzyivzo6n839fup2jbap0tjew/gradle-4.1/lib/log4j-over-slf4j-1.7.10.jar
7f57403fb000-7f5740402000 r--s 0002c000 08:01 5114852                    /home/sammy/.gradle/wrapper/dists/gradle-4.1-all/bzyivzo6n839fup2jbap0tjew/gradle-4.1/lib/gradle-logging-4.1.jar
7f5740402000-7f5740412000 r--s 00082000 08:01 5114857                    /home/sammy/.gradle/wrapper/dists/gradle-4.1-all/bzyivzo6n839fup2jbap0tjew/gradle-4.1/lib/gradle-model-core-4.1.jar
7f5740412000-7f574041f000 r--s 00083000 08:01 5114877                    /home/sammy/.gradle/wrapper/dists/gradle-4.1-all/bzyivzo6n839fup2jbap0tjew/gradle-4.1/lib/commons-collections-3.2.2.jar
7f574041f000-7f5740420000 ---p 00000000 00:00 0 
7f5740420000-7f5740520000 rw-p 00000000 00:00 0 
7f5740520000-7f5740523000 ---p 00000000 00:00 0 
7f5740523000-7f5740621000 rw-p 00000000 00:00 0 
7f5740621000-7f5740624000 ---p 00000000 00:00 0 
7f5740624000-7f5740722000 rw-p 00000000 00:00 0 
7f5740722000-7f5740725000 ---p 00000000 00:00 0 
7f5740725000-7f5740823000 rw-p 00000000 00:00 0 
7f5740823000-7f5740826000 ---p 00000000 00:00 0 
7f5740826000-7f5740924000 rw-p 00000000 00:00 0 
7f5740924000-7f5740927000 ---p 00000000 00:00 0 
7f5740927000-7f5740a25000 rw-p 00000000 00:00 0 
7f5740a25000-7f5740cfd000 r--p 00000000 08:01 8521338                    /usr/lib/locale/locale-archive
7f5740cfd000-7f5740d00000 ---p 00000000 00:00 0 
7f5740d00000-7f5740dfe000 rw-p 00000000 00:00 0 
7f5740dfe000-7f5740e01000 ---p 00000000 00:00 0 
7f5740e01000-7f5740eff000 rw-p 00000000 00:00 0 
7f5740eff000-7f5740f00000 ---p 00000000 00:00 0 
7f5740f00000-7f5744000000 rw-p 00000000 00:00 0 
7f5744000000-7f57442a3000 rw-p 00000000 00:00 0 
7f57442a3000-7f5748000000 ---p 00000000 00:00 0 
7f5748000000-7f5748027000 rw-p 00000000 00:00 0 
7f5748027000-7f574c000000 ---p 00000000 00:00 0 
7f574c000000-7f574c021000 rw-p 00000000 00:00 0 
7f574c021000-7f5750000000 ---p 00000000 00:00 0 
7f5750000000-7f5750002000 r--s 00000000 08:01 5114866                    /home/sammy/.gradle/wrapper/dists/gradle-4.1-all/bzyivzo6n839fup2jbap0tjew/gradle-4.1/lib/jul-to-slf4j-1.7.10.jar
7f5750002000-7f5750004000 r--s 00006000 08:01 5114858                    /home/sammy/.gradle/wrapper/dists/gradle-4.1-all/bzyivzo6n839fup2jbap0tjew/gradle-4.1/lib/gradle-base-services-groovy-4.1.jar
7f5750004000-7f5750006000 r--s 00007000 08:01 5114856                    /home/sammy/.gradle/wrapper/dists/gradle-4.1-all/bzyivzo6n839fup2jbap0tjew/gradle-4.1/lib/gradle-model-groovy-4.1.jar
7f5750006000-7f5750007000 r--s 00002000 08:01 5114879                    /home/sammy/.gradle/wrapper/dists/gradle-4.1-all/bzyivzo6n839fup2jbap0tjew/gradle-4.1/lib/gradle-docs-4.1.jar
7f5750007000-7f5750008000 r--s 00000000 08:01 5114876                    /home/sammy/.gradle/wrapper/dists/gradle-4.1-all/bzyivzo6n839fup2jbap0tjew/gradle-4.1/lib/javax.inject-1.jar
7f5750008000-7f5750078000 r--s 00645000 08:01 5114874                    /home/sammy/.gradle/wrapper/dists/gradle-4.1-all/bzyivzo6n839fup2jbap0tjew/gradle-4.1/lib/groovy-all-2.4.11.jar
7f5750078000-7f575007b000 r--s 00023000 08:01 5114880                    /home/sammy/.gradle/wrapper/dists/gradle-4.1-all/bzyivzo6n839fup2jbap0tjew/gradle-4.1/lib/jansi-1.14.jar
7f575007b000-7f575007c000 r--s 00004000 08:01 5114882                    /home/sammy/.gradle/wrapper/dists/gradle-4.1-all/bzyivzo6n839fup2jbap0tjew/gradle-4.1/lib/native-platform-freebsd-amd64-libcpp-0.14.jar
7f575007c000-7f575007d000 r--s 00004000 08:01 5114883                    /home/sammy/.gradle/wrapper/dists/gradle-4.1-all/bzyivzo6n839fup2jbap0tjew/gradle-4.1/lib/native-platform-freebsd-amd64-libstdcpp-0.14.jar
7f575007d000-7f575007e000 r--s 00004000 08:01 5114884                    /home/sammy/.gradle/wrapper/dists/gradle-4.1-all/bzyivzo6n839fup2jbap0tjew/gradle-4.1/lib/native-platform-freebsd-i386-libcpp-0.14.jar
7f575007e000-7f575007f000 r--s 00003000 08:01 5114885                    /home/sammy/.gradle/wrapper/dists/gradle-4.1-all/bzyivzo6n839fup2jbap0tjew/gradle-4.1/lib/native-platform-freebsd-i386-libstdcpp-0.14.jar
7f575007f000-7f5750080000 r--s 00002000 08:01 5114886                    /home/sammy/.gradle/wrapper/dists/gradle-4.1-all/bzyivzo6n839fup2jbap0tjew/gradle-4.1/lib/native-platform-linux-amd64-0.14.jar
7f5750080000-7f5750081000 r--s 00002000 08:01 5114887                    /home/sammy/.gradle/wrapper/dists/gradle-4.1-all/bzyivzo6n839fup2jbap0tjew/gradle-4.1/lib/native-platform-linux-i386-0.14.jar
7f5750081000-7f5750083000 r--s 00002000 08:01 5114888                    /home/sammy/.gradle/wrapper/dists/gradle-4.1-all/bzyivzo6n839fup2jbap0tjew/gradle-4.1/lib/native-platform-osx-amd64-0.14.jar
7f5750083000-7f5750084000 r--s 00003000 08:01 5114889                    /home/sammy/.gradle/wrapper/dists/gradle-4.1-all/bzyivzo6n839fup2jbap0tjew/gradle-4.1/lib/native-platform-osx-i386-0.14.jar
7f5750084000-7f5750086000 r--s 0000b000 08:01 5114890                    /home/sammy/.gradle/wrapper/dists/gradle-4.1-all/bzyivzo6n839fup2jbap0tjew/gradle-4.1/lib/native-platform-windows-amd64-0.14.jar
7f5750086000-7f5750087000 r--s 0000b000 08:01 5114891                    /home/sammy/.gradle/wrapper/dists/gradle-4.1-all/bzyivzo6n839fup2jbap0tjew/gradle-4.1/lib/native-platform-windows-i386-0.14.jar
7f5750087000-7f5750088000 r--s 00001000 08:01 5114892                    /home/sammy/.gradle/wrapper/dists/gradle-4.1-all/bzyivzo6n839fup2jbap0tjew/gradle-4.1/lib/native-platform-linux-amd64-ncurses5-0.14.jar
7f5750088000-7f5750089000 r--s 00001000 08:01 5114893                    /home/sammy/.gradle/wrapper/dists/gradle-4.1-all/bzyivzo6n839fup2jbap0tjew/gradle-4.1/lib/native-platform-linux-amd64-ncurses6-0.14.jar
7f5750089000-7f575008d000 r--s 00012000 08:01 5114878                    /home/sammy/.gradle/wrapper/dists/gradle-4.1-all/bzyivzo6n839fup2jbap0tjew/gradle-4.1/lib/native-platform-0.14.jar
7f575008d000-7f5750090000 r--s 0000c000 08:01 5114855                    /home/sammy/.gradle/wrapper/dists/gradle-4.1-all/bzyivzo6n839fup2jbap0tjew/gradle-4.1/lib/gradle-native-4.1.jar
7f5750090000-7f5750092000 r--s 0000f000 08:01 5114863                    /home/sammy/.gradle/wrapper/dists/gradle-4.1-all/bzyivzo6n839fup2jbap0tjew/gradle-4.1/lib/reflectasm-1.07-shaded.jar
7f5750092000-7f5750094000 r--s 00000000 08:01 5114896                    /home/sammy/.gradle/wrapper/dists/gradle-4.1-all/bzyivzo6n839fup2jbap0tjew/gradle-4.1/lib/minlog-1.2.jar
7f5750094000-7f5750096000 r--s 00007000 08:01 5114897                    /home/sammy/.gradle/wrapper/dists/gradle-4.1-all/bzyivzo6n839fup2jbap0tjew/gradle-4.1/lib/objenesis-1.2.jar
7f5750096000-7f575009a000 r--s 00026000 08:01 5114862                    /home/sammy/.gradle/wrapper/dists/gradle-4.1-all/bzyivzo6n839fup2jbap0tjew/gradle-4.1/lib/kryo-2.20.jar
7f575009a000-7f57500a0000 r--s 0002b000 08:01 5114859                    /home/sammy/.gradle/wrapper/dists/gradle-4.1-all/bzyivzo6n839fup2jbap0tjew/gradle-4.1/lib/gradle-messaging-4.1.jar
7f57500a0000-7f57500a2000 r--s 00006000 08:01 5114853                    /home/sammy/.gradle/wrapper/dists/gradle-4.1-all/bzyivzo6n839fup2jbap0tjew/gradle-4.1/lib/gradle-process-services-4.1.jar
7f57500a2000-7f57500a7000 r--s 00041000 08:01 5114872                    /home/sammy/.gradle/wrapper/dists/gradle-4.1-all/bzyivzo6n839fup2jbap0tjew/gradle-4.1/lib/commons-lang-2.6.jar
7f57500a7000-7f57500f1000 r--s 00253000 08:01 5114850                    /home/sammy/.gradle/wrapper/dists/gradle-4.1-all/bzyivzo6n839fup2jbap0tjew/gradle-4.1/lib/gradle-core-4.1.jar
7f57500f1000-7f5751000000 rw-p 00000000 00:00 0 
7f5751000000-7f5752060000 rwxp 00000000 00:00 0 
7f5752060000-7f5760000000 ---p 00000000 00:00 0 
7f5760000000-7f5760ca0000 rw-p 00000000 00:00 0 
7f5760ca0000-7f5764000000 ---p 00000000 00:00 0 
7f5764000000-7f5764001000 r--s 00001000 08:01 5114894                    /home/sammy/.gradle/wrapper/dists/gradle-4.1-all/bzyivzo6n839fup2jbap0tjew/gradle-4.1/lib/native-platform-linux-i386-ncurses5-0.14.jar
7f5764001000-7f5764029000 r--s 001cf000 08:01 5114870                    /home/sammy/.gradle/wrapper/dists/gradle-4.1-all/bzyivzo6n839fup2jbap0tjew/gradle-4.1/lib/guava-jdk5-17.0.jar
7f5764029000-7f5764048000 r--s 001d1000 08:01 5114875                    /home/sammy/.gradle/wrapper/dists/gradle-4.1-all/bzyivzo6n839fup2jbap0tjew/gradle-4.1/lib/ant-1.9.6.jar
7f5764048000-7f576411a000 rw-p 00000000 00:00 0 
7f576411a000-7f57642ea000 r--s 03c46000 08:01 5243401                    /home/sammy/android-studio/jre/jre/lib/rt.jar
7f57642ea000-7f5764e60000 rw-p 00000000 00:00 0 
7f5764e60000-7f5764e61000 ---p 00000000 00:00 0 
7f5764e61000-7f5764f61000 rw-p 00000000 00:00 0 
7f5764f61000-7f5764f62000 ---p 00000000 00:00 0 
7f5764f62000-7f5765062000 rw-p 00000000 00:00 0 
7f5765062000-7f5765063000 ---p 00000000 00:00 0 
7f5765063000-7f5765163000 rw-p 00000000 00:00 0 
7f5765163000-7f5765164000 ---p 00000000 00:00 0 
7f5765164000-7f5765282000 rw-p 00000000 00:00 0 
7f5765282000-7f5765464000 ---p 00000000 00:00 0 
7f5765464000-7f5765482000 rw-p 00000000 00:00 0 
7f5765482000-7f5765664000 ---p 00000000 00:00 0 
7f5765664000-7f57656bd000 rw-p 00000000 00:00 0 
7f57656bd000-7f5765764000 ---p 00000000 00:00 0 
7f5765764000-7f57657a7000 rw-p 00000000 00:00 0 
7f57657a7000-7f5765b25000 ---p 00000000 00:00 0 
7f5765b25000-7f5765b3f000 r-xp 00000000 08:01 5243463                    /home/sammy/android-studio/jre/jre/lib/amd64/libzip.so
7f5765b3f000-7f5765d3f000 ---p 0001a000 08:01 5243463                    /home/sammy/android-studio/jre/jre/lib/amd64/libzip.so
7f5765d3f000-7f5765d40000 r--p 0001a000 08:01 5243463                    /home/sammy/android-studio/jre/jre/lib/amd64/libzip.so
7f5765d40000-7f5765d41000 rw-p 0001b000 08:01 5243463                    /home/sammy/android-studio/jre/jre/lib/amd64/libzip.so
7f5765d41000-7f5765d4c000 r-xp 00000000 08:01 2889740                    /lib/x86_64-linux-gnu/libnss_files-2.23.so
7f5765d4c000-7f5765f4b000 ---p 0000b000 08:01 2889740                    /lib/x86_64-linux-gnu/libnss_files-2.23.so
7f5765f4b000-7f5765f4c000 r--p 0000a000 08:01 2889740                    /lib/x86_64-linux-gnu/libnss_files-2.23.so
7f5765f4c000-7f5765f4d000 rw-p 0000b000 08:01 2889740                    /lib/x86_64-linux-gnu/libnss_files-2.23.so
7f5765f4d000-7f5765f53000 rw-p 00000000 00:00 0 
7f5765f53000-7f5765f5e000 r-xp 00000000 08:01 2889744                    /lib/x86_64-linux-gnu/libnss_nis-2.23.so
7f5765f5e000-7f576615d000 ---p 0000b000 08:01 2889744                    /lib/x86_64-linux-gnu/libnss_nis-2.23.so
7f576615d000-7f576615e000 r--p 0000a000 08:01 2889744                    /lib/x86_64-linux-gnu/libnss_nis-2.23.so
7f576615e000-7f576615f000 rw-p 0000b000 08:01 2889744                    /lib/x86_64-linux-gnu/libnss_nis-2.23.so
7f576615f000-7f5766175000 r-xp 00000000 08:01 2889724                    /lib/x86_64-linux-gnu/libnsl-2.23.so
7f5766175000-7f5766374000 ---p 00016000 08:01 2889724                    /lib/x86_64-linux-gnu/libnsl-2.23.so
7f5766374000-7f5766375000 r--p 00015000 08:01 2889724                    /lib/x86_64-linux-gnu/libnsl-2.23.so
7f5766375000-7f5766376000 rw-p 00016000 08:01 2889724                    /lib/x86_64-linux-gnu/libnsl-2.23.so
7f5766376000-7f5766378000 rw-p 00000000 00:00 0 
7f5766378000-7f5766380000 r-xp 00000000 08:01 2889735                    /lib/x86_64-linux-gnu/libnss_compat-2.23.so
7f5766380000-7f576657f000 ---p 00008000 08:01 2889735                    /lib/x86_64-linux-gnu/libnss_compat-2.23.so
7f576657f000-7f5766580000 r--p 00007000 08:01 2889735                    /lib/x86_64-linux-gnu/libnss_compat-2.23.so
7f5766580000-7f5766581000 rw-p 00008000 08:01 2889735                    /lib/x86_64-linux-gnu/libnss_compat-2.23.so
7f5766581000-7f57665ae000 r-xp 00000000 08:01 5243443                    /home/sammy/android-studio/jre/jre/lib/amd64/libjava.so
7f57665ae000-7f57667ad000 ---p 0002d000 08:01 5243443                    /home/sammy/android-studio/jre/jre/lib/amd64/libjava.so
7f57667ad000-7f57667ae000 r--p 0002c000 08:01 5243443                    /home/sammy/android-studio/jre/jre/lib/amd64/libjava.so
7f57667ae000-7f57667b0000 rw-p 0002d000 08:01 5243443                    /home/sammy/android-studio/jre/jre/lib/amd64/libjava.so
7f57667b0000-7f57667c0000 r-xp 00000000 08:01 5243475                    /home/sammy/android-studio/jre/jre/lib/amd64/libverify.so
7f57667c0000-7f57669bf000 ---p 00010000 08:01 5243475                    /home/sammy/android-studio/jre/jre/lib/amd64/libverify.so
7f57669bf000-7f57669c1000 r--p 0000f000 08:01 5243475                    /home/sammy/android-studio/jre/jre/lib/amd64/libverify.so
7f57669c1000-7f57669c2000 rw-p 00011000 08:01 5243475                    /home/sammy/android-studio/jre/jre/lib/amd64/libverify.so
7f57669c2000-7f57669c9000 r-xp 00000000 08:01 2889745                    /lib/x86_64-linux-gnu/librt-2.23.so
7f57669c9000-7f5766bc8000 ---p 00007000 08:01 2889745                    /lib/x86_64-linux-gnu/librt-2.23.so
7f5766bc8000-7f5766bc9000 r--p 00006000 08:01 2889745                    /lib/x86_64-linux-gnu/librt-2.23.so
7f5766bc9000-7f5766bca000 rw-p 00007000 08:01 2889745                    /lib/x86_64-linux-gnu/librt-2.23.so
7f5766bca000-7f5766cd2000 r-xp 00000000 08:01 2889723                    /lib/x86_64-linux-gnu/libm-2.23.so
7f5766cd2000-7f5766ed1000 ---p 00108000 08:01 2889723                    /lib/x86_64-linux-gnu/libm-2.23.so
7f5766ed1000-7f5766ed2000 r--p 00107000 08:01 2889723                    /lib/x86_64-linux-gnu/libm-2.23.so
7f5766ed2000-7f5766ed3000 rw-p 00108000 08:01 2889723                    /lib/x86_64-linux-gnu/libm-2.23.so
7f5766ed3000-7f5767acb000 r-xp 00000000 08:01 5243462                    /home/sammy/android-studio/jre/jre/lib/amd64/server/libjvm.so
7f5767acb000-7f5767ccb000 ---p 00bf8000 08:01 5243462                    /home/sammy/android-studio/jre/jre/lib/amd64/server/libjvm.so
7f5767ccb000-7f5767d6a000 r--p 00bf8000 08:01 5243462                    /home/sammy/android-studio/jre/jre/lib/amd64/server/libjvm.so
7f5767d6a000-7f5767d93000 rw-p 00c97000 08:01 5243462                    /home/sammy/android-studio/jre/jre/lib/amd64/server/libjvm.so
7f5767d93000-7f5767dd7000 rw-p 00000000 00:00 0 
7f5767dd7000-7f5767def000 r-xp 00000000 08:01 2889726                    /lib/x86_64-linux-gnu/libpthread-2.23.so
7f5767def000-7f5767fee000 ---p 00018000 08:01 2889726                    /lib/x86_64-linux-gnu/libpthread-2.23.so
7f5767fee000-7f5767fef000 r--p 00017000 08:01 2889726                    /lib/x86_64-linux-gnu/libpthread-2.23.so
7f5767fef000-7f5767ff0000 rw-p 00018000 08:01 2889726                    /lib/x86_64-linux-gnu/libpthread-2.23.so
7f5767ff0000-7f5767ff4000 rw-p 00000000 00:00 0 
7f5767ff4000-7f5767ff7000 r-xp 00000000 08:01 2889729                    /lib/x86_64-linux-gnu/libdl-2.23.so
7f5767ff7000-7f57681f6000 ---p 00003000 08:01 2889729                    /lib/x86_64-linux-gnu/libdl-2.23.so
7f57681f6000-7f57681f7000 r--p 00002000 08:01 2889729                    /lib/x86_64-linux-gnu/libdl-2.23.so
7f57681f7000-7f57681f8000 rw-p 00003000 08:01 2889729                    /lib/x86_64-linux-gnu/libdl-2.23.so
7f57681f8000-7f57683b8000 r-xp 00000000 08:01 2889727                    /lib/x86_64-linux-gnu/libc-2.23.so
7f57683b8000-7f57685b8000 ---p 001c0000 08:01 2889727                    /lib/x86_64-linux-gnu/libc-2.23.so
7f57685b8000-7f57685bc000 r--p 001c0000 08:01 2889727                    /lib/x86_64-linux-gnu/libc-2.23.so
7f57685bc000-7f57685be000 rw-p 001c4000 08:01 2889727                    /lib/x86_64-linux-gnu/libc-2.23.so
7f57685be000-7f57685c2000 rw-p 00000000 00:00 0 
7f57685c2000-7f57685d8000 r-xp 00000000 08:01 5243364                    /home/sammy/android-studio/jre/lib/amd64/jli/libjli.so
7f57685d8000-7f57687d7000 ---p 00016000 08:01 5243364                    /home/sammy/android-studio/jre/lib/amd64/jli/libjli.so
7f57687d7000-7f57687d8000 r--p 00015000 08:01 5243364                    /home/sammy/android-studio/jre/lib/amd64/jli/libjli.so
7f57687d8000-7f57687d9000 rw-p 00016000 08:01 5243364                    /home/sammy/android-studio/jre/lib/amd64/jli/libjli.so
7f57687d9000-7f57687ff000 r-xp 00000000 08:01 2889725                    /lib/x86_64-linux-gnu/ld-2.23.so
7f57687ff000-7f5768801000 r--s 00000000 08:01 5114851                    /home/sammy/.gradle/wrapper/dists/gradle-4.1-all/bzyivzo6n839fup2jbap0tjew/gradle-4.1/lib/gradle-jvm-services-4.1.jar
7f5768801000-7f5768804000 r--s 00006000 08:01 5114871                    /home/sammy/.gradle/wrapper/dists/gradle-4.1-all/bzyivzo6n839fup2jbap0tjew/gradle-4.1/lib/jsr305-1.3.9.jar
7f5768804000-7f5768808000 r--s 00027000 08:01 5114865                    /home/sammy/.gradle/wrapper/dists/gradle-4.1-all/bzyivzo6n839fup2jbap0tjew/gradle-4.1/lib/commons-io-2.2.jar
7f5768808000-7f5768810000 r--s 000bd000 08:01 5114864                    /home/sammy/.gradle/wrapper/dists/gradle-4.1-all/bzyivzo6n839fup2jbap0tjew/gradle-4.1/lib/asm-debug-all-6.0_ALPHA.jar
7f5768810000-7f576881c000 r--s 00053000 08:01 5114860                    /home/sammy/.gradle/wrapper/dists/gradle-4.1-all/bzyivzo6n839fup2jbap0tjew/gradle-4.1/lib/gradle-base-services-4.1.jar
7f576881c000-7f57688de000 rw-p 00000000 00:00 0 
7f57688de000-7f57688e1000 ---p 00000000 00:00 0 
7f57688e1000-7f57689e3000 rw-p 00000000 00:00 0 
7f57689e3000-7f57689e4000 r--s 00001000 08:01 5114895                    /home/sammy/.gradle/wrapper/dists/gradle-4.1-all/bzyivzo6n839fup2jbap0tjew/gradle-4.1/lib/native-platform-linux-i386-ncurses6-0.14.jar
7f57689e4000-7f57689e5000 r--s 00000000 08:01 5114873                    /home/sammy/.gradle/wrapper/dists/gradle-4.1-all/bzyivzo6n839fup2jbap0tjew/gradle-4.1/lib/jcip-annotations-1.0.jar
7f57689e5000-7f57689e6000 r--s 00007000 08:01 5114869                    /home/sammy/.gradle/wrapper/dists/gradle-4.1-all/bzyivzo6n839fup2jbap0tjew/gradle-4.1/lib/slf4j-api-1.7.10.jar
7f57689e6000-7f57689e7000 r--s 00004000 08:01 5114881                    /home/sammy/.gradle/wrapper/dists/gradle-4.1-all/bzyivzo6n839fup2jbap0tjew/gradle-4.1/lib/ant-launcher-1.9.6.jar
7f57689e7000-7f57689f3000 r--s 0005c000 08:01 5114845                    /home/sammy/.gradle/wrapper/dists/gradle-4.1-all/bzyivzo6n839fup2jbap0tjew/gradle-4.1/lib/gradle-launcher-4.1.jar
7f57689f3000-7f57689fb000 rw-s 00000000 08:01 53219196                   /tmp/hsperfdata_sammy/6840
7f57689fb000-7f57689fc000 rw-p 00000000 00:00 0 
7f57689fc000-7f57689fd000 ---p 00000000 00:00 0 
7f57689fd000-7f57689fe000 rw-p 00000000 00:00 0 
7f57689fe000-7f57689ff000 r--p 00025000 08:01 2889725                    /lib/x86_64-linux-gnu/ld-2.23.so
7f57689ff000-7f5768a00000 rw-p 00026000 08:01 2889725                    /lib/x86_64-linux-gnu/ld-2.23.so
7f5768a00000-7f5768a01000 rw-p 00000000 00:00 0 
7ffc5b936000-7ffc5b957000 rw-p 00000000 00:00 0                          [stack]
7ffc5b9cc000-7ffc5b9ce000 r--p 00000000 00:00 0                          [vvar]
7ffc5b9ce000-7ffc5b9d0000 r-xp 00000000 00:00 0                          [vdso]
ffffffffff600000-ffffffffff601000 r-xp 00000000 00:00 0                  [vsyscall]

VM Arguments:
jvm_args: -Xmx1536m -Dfile.encoding=UTF-8 -Duser.country=NG -Duser.language=en -Duser.variant 
java_command: org.gradle.launcher.daemon.bootstrap.GradleDaemon 4.1
java_class_path (initial): /home/sammy/.gradle/wrapper/dists/gradle-4.1-all/bzyivzo6n839fup2jbap0tjew/gradle-4.1/lib/gradle-launcher-4.1.jar
Launcher Type: SUN_STANDARD

Environment Variables:
PATH=/home/sammy/.composer/vendor/bin:/home/sammy/bin:/home/sammy/.local/bin:/usr/local/sbin:/usr/local/bin:/usr/sbin:/usr/bin:/sbin:/bin:/usr/games:/usr/local/games:/snap/bin:/home/sammy/Android/Sdk/tools:/home/sammy/Android/Sdk/platform-tools
LD_LIBRARY_PATH=.:
SHELL=/bin/bash
DISPLAY=:0

Signal Handlers:
SIGSEGV: [libjvm.so+0x9ebc60], sa_mask[0]=11111111011111111101111111111110, sa_flags=SA_RESTART|SA_SIGINFO
SIGBUS: [libjvm.so+0x9ebc60], sa_mask[0]=11111111011111111101111111111110, sa_flags=SA_RESTART|SA_SIGINFO
SIGFPE: [libjvm.so+0x84cf60], sa_mask[0]=11111111011111111101111111111110, sa_flags=SA_RESTART|SA_SIGINFO
SIGPIPE: [libjvm.so+0x84cf60], sa_mask[0]=11111111011111111101111111111110, sa_flags=SA_RESTART|SA_SIGINFO
SIGXFSZ: [libjvm.so+0x84cf60], sa_mask[0]=11111111011111111101111111111110, sa_flags=SA_RESTART|SA_SIGINFO
SIGILL: [libjvm.so+0x84cf60], sa_mask[0]=11111111011111111101111111111110, sa_flags=SA_RESTART|SA_SIGINFO
SIGUSR1: SIG_DFL, sa_mask[0]=00000000000000000000000000000000, sa_flags=none
SIGUSR2: [libjvm.so+0x84ce30], sa_mask[0]=00100000000000000000000000000000, sa_flags=SA_RESTART|SA_SIGINFO
SIGHUP: [libjvm.so+0x84d020], sa_mask[0]=11111111011111111101111111111110, sa_flags=SA_RESTART|SA_SIGINFO
SIGINT: [libjvm.so+0x84d020], sa_mask[0]=11111111011111111101111111111110, sa_flags=SA_RESTART|SA_SIGINFO
SIGTERM: [libjvm.so+0x84d020], sa_mask[0]=11111111011111111101111111111110, sa_flags=SA_RESTART|SA_SIGINFO
SIGQUIT: [libjvm.so+0x84d020], sa_mask[0]=11111111011111111101111111111110, sa_flags=SA_RESTART|SA_SIGINFO


---------------  S Y S T E M  ---------------

OS:DISTRIB_ID=Ubuntu
DISTRIB_RELEASE=16.04
DISTRIB_CODENAME=xenial
DISTRIB_DESCRIPTION="Ubuntu 16.04.2 LTS"

uname:Linux 4.8.0-36-generic #36~16.04.1-Ubuntu SMP Sun Feb 5 09:39:57 UTC 2017 x86_64
libc:glibc 2.23 NPTL 2.23 
rlimit: STACK 8192k, CORE 0k, NPROC 23489, NOFILE 1048576, AS infinity
load average:4.91 2.99 1.53

/proc/meminfo:
MemTotal:        6056192 kB
MemFree:          120640 kB
MemAvailable:     867756 kB
Buffers:           91548 kB
Cached:          1156064 kB
SwapCached:         8240 kB
Active:          4390788 kB
Inactive:        1198820 kB
Active(anon):    3972356 kB
Inactive(anon):   712596 kB
Active(file):     418432 kB
Inactive(file):   486224 kB
Unevictable:         360 kB
Mlocked:             360 kB
SwapTotal:       6236156 kB
SwapFree:        6142656 kB
Dirty:              6756 kB
Writeback:             0 kB
AnonPages:       4233544 kB
Mapped:           371856 kB
Shmem:            343088 kB
Slab:             166784 kB
SReclaimable:     112452 kB
SUnreclaim:        54332 kB
KernelStack:       19968 kB
PageTables:        87172 kB
NFS_Unstable:          0 kB
Bounce:                0 kB
WritebackTmp:          0 kB
CommitLimit:     9264252 kB
Committed_AS:   15746944 kB
VmallocTotal:   34359738367 kB
VmallocUsed:           0 kB
VmallocChunk:          0 kB
HardwareCorrupted:     0 kB
AnonHugePages:   1353728 kB
ShmemHugePages:        0 kB
ShmemPmdMapped:        0 kB
CmaTotal:              0 kB
CmaFree:               0 kB
HugePages_Total:       0
HugePages_Free:        0
HugePages_Rsvd:        0
HugePages_Surp:        0
Hugepagesize:       2048 kB
DirectMap4k:      207104 kB
DirectMap2M:     6031360 kB


CPU:total 4 (initial active 4) (2 cores per cpu, 2 threads per core) family 6 model 42 stepping 7, cmov, cx8, fxsr, mmx, sse, sse2, sse3, ssse3, sse4.1, sse4.2, popcnt, avx, clmul, ht, tsc, tscinvbit

/proc/cpuinfo:
processor	: 0
vendor_id	: GenuineIntel
cpu family	: 6
model		: 42
model name	: Intel(R) Core(TM) i3-2350M CPU @ 2.30GHz
stepping	: 7
microcode	: 0x1a
cpu MHz		: 1812.316
cache size	: 3072 KB
physical id	: 0
siblings	: 4
core id		: 0
cpu cores	: 2
apicid		: 0
initial apicid	: 0
fpu		: yes
fpu_exception	: yes
cpuid level	: 13
wp		: yes
flags		: fpu vme de pse tsc msr pae mce cx8 apic sep mtrr pge mca cmov pat pse36 clflush dts acpi mmx fxsr sse sse2 ss ht tm pbe syscall nx rdtscp lm constant_tsc arch_perfmon pebs bts rep_good nopl xtopology nonstop_tsc aperfmperf eagerfpu pni pclmulqdq dtes64 monitor ds_cpl vmx est tm2 ssse3 cx16 xtpr pdcm pcid sse4_1 sse4_2 x2apic popcnt tsc_deadline_timer xsave avx lahf_lm epb tpr_shadow vnmi flexpriority ept vpid xsaveopt dtherm arat pln pts
bugs		:
bogomips	: 4589.74
clflush size	: 64
cache_alignment	: 64
address sizes	: 36 bits physical, 48 bits virtual
power management:

processor	: 1
vendor_id	: GenuineIntel
cpu family	: 6
model		: 42
model name	: Intel(R) Core(TM) i3-2350M CPU @ 2.30GHz
stepping	: 7
microcode	: 0x1a
cpu MHz		: 1699.871
cache size	: 3072 KB
physical id	: 0
siblings	: 4
core id		: 0
cpu cores	: 2
apicid		: 1
initial apicid	: 1
fpu		: yes
fpu_exception	: yes
cpuid level	: 13
wp		: yes
flags		: fpu vme de pse tsc msr pae mce cx8 apic sep mtrr pge mca cmov pat pse36 clflush dts acpi mmx fxsr sse sse2 ss ht tm pbe syscall nx rdtscp lm constant_tsc arch_perfmon pebs bts rep_good nopl xtopology nonstop_tsc aperfmperf eagerfpu pni pclmulqdq dtes64 monitor ds_cpl vmx est tm2 ssse3 cx16 xtpr pdcm pcid sse4_1 sse4_2 x2apic popcnt tsc_deadline_timer xsave avx lahf_lm epb tpr_shadow vnmi flexpriority ept vpid xsaveopt dtherm arat pln pts
bugs		:
bogomips	: 4589.74
clflush size	: 64
cache_alignment	: 64
address sizes	: 36 bits physical, 48 bits virtual
power management:

processor	: 2
vendor_id	: GenuineIntel
cpu family	: 6
model		: 42
model name	: Intel(R) Core(TM) i3-2350M CPU @ 2.30GHz
stepping	: 7
microcode	: 0x1a
cpu MHz		: 1699.871
cache size	: 3072 KB
physical id	: 0
siblings	: 4
core id		: 1
cpu cores	: 2
apicid		: 2
initial apicid	: 2
fpu		: yes
fpu_exception	: yes
cpuid level	: 13
wp		: yes
flags		: fpu vme de pse tsc msr pae mce cx8 apic sep mtrr pge mca cmov pat pse36 clflush dts acpi mmx fxsr sse sse2 ss ht tm pbe syscall nx rdtscp lm constant_tsc arch_perfmon pebs bts rep_good nopl xtopology nonstop_tsc aperfmperf eagerfpu pni pclmulqdq dtes64 monitor ds_cpl vmx est tm2 ssse3 cx16 xtpr pdcm pcid sse4_1 sse4_2 x2apic popcnt tsc_deadline_timer xsave avx lahf_lm epb tpr_shadow vnmi flexpriority ept vpid xsaveopt dtherm arat pln pts
bugs		:
bogomips	: 4589.74
clflush size	: 64
cache_alignment	: 64
address sizes	: 36 bits physical, 48 bits virtual
power management:

processor	: 3
vendor_id	: GenuineIntel
cpu family	: 6
model		: 42
model name	: Intel(R) Core(TM) i3-2350M CPU @ 2.30GHz
stepping	: 7
microcode	: 0x1a
cpu MHz		: 1699.871
cache size	: 3072 KB
physical id	: 0
siblings	: 4
core id		: 1
cpu cores	: 2
apicid		: 3
initial apicid	: 3
fpu		: yes
fpu_exception	: yes
cpuid level	: 13
wp		: yes
flags		: fpu vme de pse tsc msr pae mce cx8 apic sep mtrr pge mca cmov pat pse36 clflush dts acpi mmx fxsr sse sse2 ss ht tm pbe syscall nx rdtscp lm constant_tsc arch_perfmon pebs bts rep_good nopl xtopology nonstop_tsc aperfmperf eagerfpu pni pclmulqdq dtes64 monitor ds_cpl vmx est tm2 ssse3 cx16 xtpr pdcm pcid sse4_1 sse4_2 x2apic popcnt tsc_deadline_timer xsave avx lahf_lm epb tpr_shadow vnmi flexpriority ept vpid xsaveopt dtherm arat pln pts
bugs		:
bogomips	: 4589.74
clflush size	: 64
cache_alignment	: 64
address sizes	: 36 bits physical, 48 bits virtual
power management:



Memory: 4k page, physical 6056192k(120624k free), swap 6236156k(6142656k free)

vm_info: OpenJDK 64-Bit Server VM (25.152-b01) for linux-amd64 JRE (1.8.0_152-release-915-b01), built by "builder" with gcc 4.8.4

time: Sat Sep 29 12:06:52 2018
elapsed time: 39 seconds (0d 0h 0m 39s)

